#
# A fatal error has been detected by the Java Runtime Environment:
#
#  EXCEPTION_ACCESS_VIOLATION (0xc0000005) at pc=0x000000006d339d9a, pid=2480, tid=0x00000000000012a4
#
# JRE version: Java(TM) SE Runtime Environment (8.0_101-b13) (build 1.8.0_101-b13)
# Java VM: Java HotSpot(TM) 64-Bit Server VM (25.101-b13 mixed mode windows-amd64 compressed oops)
# Problematic frame:
# C  [glass.dll+0x19d9a]
#
# Failed to write core dump. Minidumps are not enabled by default on client versions of Windows
#
# If you would like to submit a bug report, please visit:
#   http://bugreport.java.com/bugreport/crash.jsp
# The crash happened outside the Java Virtual Machine in native code.
# See problematic frame for where to report the bug.
#

---------------  T H R E A D  ---------------

Current thread (0x000000001e0de800):  JavaThread "JavaFX Application Thread" [_thread_in_native, id=4772, stack(0x000000001ee00000,0x000000001ef00000)]

siginfo: ExceptionCode=0xc0000005, reading address 0x0000000000000130

Registers:
RAX=0x0000000000000000, RBX=0x000000001eefdb60, RCX=0x0000000000000000, RDX=0x0000000000000000
RSP=0x000000001eefd8e0, RBP=0x0000000000000000, RSI=0x0000000000296a90, RDI=0x000000001eefdb60
R8 =0x000000001eefd848, R9 =0x0000000000000000, R10=0x0000000000000000, R11=0x0000000000000202
R12=0x0000000000000000, R13=0x0000000000000401, R14=0x0000000000000000, R15=0x00000000007a0528
RIP=0x000000006d339d9a, EFLAGS=0x0000000000010202

Top of Stack: (sp=0x000000001eefd8e0)
0x000000001eefd8e0:   0000000000000000 0000000000180001
0x000000001eefd8f0:   000000006d34c05f 000000001e0de800
0x000000001eefd900:   000000001eefdb60 000000006d339f1a
0x000000001eefd910:   000000001eefdb60 0000000000296a90
0x000000001eefd920:   0000000000000000 0000000000000000
0x000000001eefd930:   0000000000000401 000000006d32a1f5
0x000000001eefd940:   00000007c009ad00 000000001e0de801
0x000000001eefd950:   00000007c009c05f 0000000000000001
0x000000001eefd960:   00000000007a0528 000000006d3217e8
0x000000001eefd970:   0000000000000401 0000000000296a90
0x000000001eefd980:   000000001eefdb60 0000000000000401
0x000000001eefd990:   0000000000000000 0000000077369bbd
0x000000001eefd9a0:   0000000000000401 00000000007a0528
0x000000001eefd9b0:   0000000000000001 0000000000000000
0x000000001eefd9c0:   000000001eefdad0 000000001d74fde0
0x000000001eefd9d0:   0000000700000001 0000000000000000 

Instructions: (pc=0x000000006d339d9a)
0x000000006d339d7a:   48 8b 5c 24 30 48 8b 6c 24 38 48 8b 74 24 40 48
0x000000006d339d8a:   83 c4 20 5f c3 cc 48 89 5c 24 08 57 48 83 ec 20
0x000000006d339d9a:   48 8b 81 30 01 00 00 48 8b f9 48 85 c0 75 04 48
0x000000006d339daa:   8b 41 08 48 3b 05 3c 19 02 00 75 31 e8 a5 4d 00 


Register to memory mapping:

RAX=0x0000000000000000 is an unknown value
RBX=0x000000001eefdb60 is pointing into the stack for thread: 0x000000001e0de800
RCX=0x0000000000000000 is an unknown value
RDX=0x0000000000000000 is an unknown value
RSP=0x000000001eefd8e0 is pointing into the stack for thread: 0x000000001e0de800
RBP=0x0000000000000000 is an unknown value
RSI=0x0000000000296a90 is an unknown value
RDI=0x000000001eefdb60 is pointing into the stack for thread: 0x000000001e0de800
R8 =0x000000001eefd848 is pointing into the stack for thread: 0x000000001e0de800
R9 =0x0000000000000000 is an unknown value
R10=0x0000000000000000 is an unknown value
R11=0x0000000000000202 is an unknown value
R12=0x0000000000000000 is an unknown value
R13=0x0000000000000401 is an unknown value
R14=0x0000000000000000 is an unknown value
R15=0x00000000007a0528 is an unknown value


Stack: [0x000000001ee00000,0x000000001ef00000],  sp=0x000000001eefd8e0,  free space=1014k
Native frames: (J=compiled Java code, j=interpreted, Vv=VM code, C=native code)

Java frames: (J=compiled Java code, j=interpreted, Vv=VM code)
j  com.sun.glass.ui.win.WinWindow._close(J)Z+0
j  com.sun.glass.ui.Window.close()V+63
j  com.sun.glass.ui.win.WinWindow.close()V+8
j  com.sun.glass.ui.Application.terminate()V+75
j  com.sun.javafx.tk.quantum.QuantumToolkit.lambda$exit$406()Ljava/lang/Object;+5
j  com.sun.javafx.tk.quantum.QuantumToolkit$$Lambda$283.get()Ljava/lang/Object;+0
j  com.sun.javafx.tk.quantum.QuantumToolkit.runWithRenderLock(Ljava/util/function/Supplier;)Ljava/lang/Object;+7
j  com.sun.javafx.tk.quantum.QuantumToolkit.exit()V+26
j  com.sun.javafx.application.PlatformImpl.lambda$tkExit$178()V+3
j  com.sun.javafx.application.PlatformImpl$$Lambda$282.run()V+0
j  com.sun.javafx.application.PlatformImpl.lambda$runAndWait$175(Ljava/lang/Runnable;Ljava/util/concurrent/CountDownLatch;)V+1
j  com.sun.javafx.application.PlatformImpl$$Lambda$48.run()V+8
j  com.sun.javafx.application.PlatformImpl.lambda$null$173(Ljava/lang/Runnable;)Ljava/lang/Void;+1
j  com.sun.javafx.application.PlatformImpl$$Lambda$50.run()Ljava/lang/Object;+4
v  ~StubRoutines::call_stub
J 1934  java.security.AccessController.doPrivileged(Ljava/security/PrivilegedAction;Ljava/security/AccessControlContext;)Ljava/lang/Object; (0 bytes) @ 0x0000000002e80426 [0x0000000002e803c0+0x66]
j  com.sun.javafx.application.PlatformImpl.lambda$runLater$174(Ljava/lang/Runnable;Ljava/security/AccessControlContext;)V+7
j  com.sun.javafx.application.PlatformImpl$$Lambda$49.run()V+8
j  com.sun.glass.ui.InvokeLaterDispatcher$Future.run()V+4
v  ~StubRoutines::call_stub
j  com.sun.glass.ui.win.WinApplication._runLoop(Ljava/lang/Runnable;)V+0
j  com.sun.glass.ui.win.WinApplication.lambda$null$148(ILjava/lang/Runnable;)V+8
j  com.sun.glass.ui.win.WinApplication$$Lambda$38.run()V+12
j  java.lang.Thread.run()V+11
v  ~StubRoutines::call_stub

---------------  P R O C E S S  ---------------

Java Threads: ( => current thread )
  0x000000001e368800 JavaThread "Prism Font Disposer" daemon [_thread_blocked, id=4348, stack(0x0000000022010000,0x0000000022110000)]
  0x000000001e18b000 JavaThread "Thread-3" daemon [_thread_in_native, id=3420, stack(0x0000000020940000,0x0000000020a40000)]
  0x000000001e18e000 JavaThread "JavaFX-Launcher" [_thread_blocked, id=6068, stack(0x0000000020db0000,0x0000000020eb0000)]
=>0x000000001e0de800 JavaThread "JavaFX Application Thread" [_thread_in_native, id=4772, stack(0x000000001ee00000,0x000000001ef00000)]
  0x000000001e112000 JavaThread "Thread-1" daemon [_thread_blocked, id=3388, stack(0x000000001ecd0000,0x000000001edd0000)]
  0x000000001e106000 JavaThread "QuantumRenderer-0" daemon [_thread_blocked, id=4804, stack(0x000000001e900000,0x000000001ea00000)]
  0x000000001d721800 JavaThread "Service Thread" daemon [_thread_blocked, id=4768, stack(0x000000001de60000,0x000000001df60000)]
  0x000000001d6aa000 JavaThread "C1 CompilerThread2" daemon [_thread_blocked, id=2568, stack(0x000000001db00000,0x000000001dc00000)]
  0x000000001d6a1000 JavaThread "C2 CompilerThread1" daemon [_thread_blocked, id=6588, stack(0x000000001dc30000,0x000000001dd30000)]
  0x000000001be01000 JavaThread "C2 CompilerThread0" daemon [_thread_blocked, id=6056, stack(0x000000001d5a0000,0x000000001d6a0000)]
  0x000000001be0e800 JavaThread "Attach Listener" daemon [_thread_blocked, id=6044, stack(0x000000001d490000,0x000000001d590000)]
  0x000000001be0d800 JavaThread "Signal Dispatcher" daemon [_thread_blocked, id=2104, stack(0x000000001d250000,0x000000001d350000)]
  0x000000001bde9800 JavaThread "Finalizer" daemon [_thread_blocked, id=6284, stack(0x000000001cf10000,0x000000001d010000)]
  0x000000001bda2000 JavaThread "Reference Handler" daemon [_thread_blocked, id=6548, stack(0x000000001d0d0000,0x000000001d1d0000)]
  0x000000000231e000 JavaThread "main" [_thread_blocked, id=6948, stack(0x00000000024c0000,0x00000000025c0000)]

Other Threads:
  0x000000001bd9a800 VMThread [stack: 0x000000001ce10000,0x000000001cf10000] [id=2916]
  0x000000001d747800 WatcherThread [stack: 0x000000001dfd0000,0x000000001e0d0000] [id=7000]

VM state:not at safepoint (normal execution)

VM Mutex/Monitor currently owned by a thread: None

Heap:
 PSYoungGen      total 75264K, used 50513K [0x000000076c400000, 0x0000000771800000, 0x00000007c0000000)
  eden space 64512K, 78% used [0x000000076c400000,0x000000076f554638,0x0000000770300000)
  from space 10752K, 0% used [0x0000000770d80000,0x0000000770d80000,0x0000000771800000)
  to   space 10752K, 0% used [0x0000000770300000,0x0000000770300000,0x0000000770d80000)
 ParOldGen       total 172032K, used 0K [0x00000006c4c00000, 0x00000006cf400000, 0x000000076c400000)
  object space 172032K, 0% used [0x00000006c4c00000,0x00000006c4c00000,0x00000006cf400000)
 Metaspace       used 16499K, capacity 17482K, committed 17792K, reserved 1064960K
  class space    used 2384K, capacity 2612K, committed 2688K, reserved 1048576K

Card table byte_map: [0x0000000011c50000,0x0000000012430000] byte_map_base: 0x000000000e62a000

Marking Bits: (ParMarkBitMap*) 0x000000005584a6d0
 Begin Bits: [0x0000000012e90000, 0x0000000016d60000)
 End Bits:   [0x0000000016d60000, 0x000000001ac30000)

Polling page: 0x0000000000230000

CodeCache: size=245760Kb used=8677Kb max_used=8677Kb free=237082Kb
 bounds [0x0000000002890000, 0x0000000003110000, 0x0000000011890000]
 total_blobs=3414 nmethods=2755 adapters=571
 compilation: enabled

Compilation events (10 events):
Event: 11.283 Thread 0x000000001d6aa000 2751       3       com.sun.javafx.geom.transform.AffineBase::transform (365 bytes)
Event: 11.283 Thread 0x000000001d6aa000 nmethod 2751 0x000000000310b210 code [0x000000000310b3c0, 0x000000000310ba48]
Event: 12.900 Thread 0x000000001d6aa000 2752       1       com.sun.javafx.tk.quantum.GlassStage::getScene (5 bytes)
Event: 12.900 Thread 0x000000001d6aa000 nmethod 2752 0x000000000310be90 code [0x000000000310bfe0, 0x000000000310c0f0]
Event: 12.902 Thread 0x000000001d6aa000 2753       3       java.util.concurrent.locks.AbstractQueuedSynchronizer$Node::predecessor (19 bytes)
Event: 12.902 Thread 0x000000001d6aa000 nmethod 2753 0x000000000310c150 code [0x000000000310c2c0, 0x000000000310c508]
Event: 12.902 Thread 0x000000001d6aa000 2754       3       java.lang.Byte::hashCode (8 bytes)
Event: 12.902 Thread 0x000000001d6aa000 nmethod 2754 0x000000000310c5d0 code [0x000000000310c720, 0x000000000310c8d0]
Event: 12.902 Thread 0x000000001d6aa000 2755       3       java.lang.Byte::hashCode (2 bytes)
Event: 12.902 Thread 0x000000001d6aa000 nmethod 2755 0x000000000310c990 code [0x000000000310cae0, 0x000000000310cc10]

GC Heap History (0 events):
No events

Deoptimization events (10 events):
Event: 0.737 Thread 0x000000001e0de800 Uncommon trap: reason=bimorphic action=maybe_recompile pc=0x0000000002bc6170 method=java.io.DataInputStream.readShort()S @ 4
Event: 0.757 Thread 0x000000001e0de800 Uncommon trap: reason=unstable_if action=reinterpret pc=0x0000000002cd6c28 method=com.sun.javafx.css.SimpleSelector.stateMatches(Ljavafx/css/Styleable;Ljava/util/Set;)Z @ 1
Event: 0.767 Thread 0x000000001e0de800 Uncommon trap: reason=unstable_if action=reinterpret pc=0x0000000002d8c1c0 method=com.sun.javafx.css.CompoundSelector.applies(Ljavafx/css/Styleable;I[Ljava/util/Set;I)Z @ 125
Event: 0.849 Thread 0x000000001e106000 Uncommon trap: reason=unstable_if action=reinterpret pc=0x0000000002dc834c method=java.util.WeakHashMap.eq(Ljava/lang/Object;Ljava/lang/Object;)Z @ 2
Event: 1.485 Thread 0x000000001e0de800 Uncommon trap: reason=unstable_if action=reinterpret pc=0x0000000002bb70f8 method=jdk.internal.org.objectweb.asm.Type.getArgumentsAndReturnSizes(Ljava/lang/String;)I @ 47
Event: 3.457 Thread 0x000000001e0de800 Uncommon trap: reason=unstable_if action=reinterpret pc=0x0000000002dd171c method=com.sun.javafx.css.StyleManager$CacheContainer.getStyleMap(I)Lcom/sun/javafx/css/StyleMap; @ 22
Event: 3.975 Thread 0x000000001e0de800 Uncommon trap: reason=class_check action=maybe_recompile pc=0x0000000002d1d6a8 method=com.sun.javafx.css.parser.CSSLexer.readChar()I @ 4
Event: 3.975 Thread 0x000000001e0de800 Uncommon trap: reason=class_check action=maybe_recompile pc=0x0000000002d1d6a8 method=com.sun.javafx.css.parser.CSSLexer.readChar()I @ 4
Event: 3.975 Thread 0x000000001e0de800 Uncommon trap: reason=class_check action=maybe_recompile pc=0x0000000002d1d6a8 method=com.sun.javafx.css.parser.CSSLexer.readChar()I @ 4
Event: 3.976 Thread 0x000000001e0de800 Uncommon trap: reason=class_check action=maybe_recompile pc=0x0000000002d1d6a8 method=com.sun.javafx.css.parser.CSSLexer.readChar()I @ 4

Internal exceptions (10 events):
Event: 6.562 Thread 0x000000001e0de800 Exception <a 'java/lang/NullPointerException'> (0x000000076f29b570) thrown at [C:\re\workspace\8-2-build-windows-amd64-cygwin\jdk8u101\7261\hotspot\src\share\vm\prims\jvm.cpp, line 1390]
Event: 6.574 Thread 0x000000001e0de800 Exception <a 'java/lang/NullPointerException'> (0x000000076f314a50) thrown at [C:\re\workspace\8-2-build-windows-amd64-cygwin\jdk8u101\7261\hotspot\src\share\vm\interpreter\linkResolver.cpp, line 1178]
Event: 6.574 Thread 0x000000001e0de800 Exception <a 'java/lang/NullPointerException'> (0x000000076f314a50) thrown at [C:\re\workspace\8-2-build-windows-amd64-cygwin\jdk8u101\7261\hotspot\src\share\vm\prims\jvm.cpp, line 1390]
Event: 6.575 Thread 0x000000001e0de800 Exception <a 'java/lang/NullPointerException'> (0x000000076f32a580) thrown at [C:\re\workspace\8-2-build-windows-amd64-cygwin\jdk8u101\7261\hotspot\src\share\vm\prims\jvm.cpp, line 1390]
Event: 6.594 Thread 0x000000001e0de800 Exception <a 'java/lang/NullPointerException'> (0x000000076f3a4be8) thrown at [C:\re\workspace\8-2-build-windows-amd64-cygwin\jdk8u101\7261\hotspot\src\share\vm\interpreter\linkResolver.cpp, line 1178]
Event: 6.594 Thread 0x000000001e0de800 Exception <a 'java/lang/NullPointerException'> (0x000000076f3a4be8) thrown at [C:\re\workspace\8-2-build-windows-amd64-cygwin\jdk8u101\7261\hotspot\src\share\vm\prims\jvm.cpp, line 1390]
Event: 7.078 Thread 0x000000001e0de800 Exception <a 'java/lang/NullPointerException'> (0x000000076f3ba718) thrown at [C:\re\workspace\8-2-build-windows-amd64-cygwin\jdk8u101\7261\hotspot\src\share\vm\prims\jvm.cpp, line 1390]
Event: 7.765 Thread 0x000000001e0de800 Exception <a 'java/lang/NullPointerException'> (0x000000076f3fb1a0) thrown at [C:\re\workspace\8-2-build-windows-amd64-cygwin\jdk8u101\7261\hotspot\src\share\vm\interpreter\linkResolver.cpp, line 1178]
Event: 7.765 Thread 0x000000001e0de800 Exception <a 'java/lang/NullPointerException'> (0x000000076f3fb1a0) thrown at [C:\re\workspace\8-2-build-windows-amd64-cygwin\jdk8u101\7261\hotspot\src\share\vm\prims\jvm.cpp, line 1390]
Event: 12.898 Thread 0x000000001e0de800 Exception <a 'java/lang/NullPointerException'> (0x000000076f479568) thrown at [C:\re\workspace\8-2-build-windows-amd64-cygwin\jdk8u101\7261\hotspot\src\share\vm\prims\jvm.cpp, line 1390]

Events (10 events):
Event: 12.894 loading class com/sun/prism/GraphicsResource
Event: 12.894 loading class com/sun/prism/GraphicsResource done
Event: 12.894 loading class com/sun/prism/GraphicsResource
Event: 12.894 loading class com/sun/prism/GraphicsResource done
Event: 12.901 loading class javafx/application/Application
Event: 12.901 loading class javafx/application/Application done
Event: 12.901 loading class javafx/application/Application
Event: 12.901 loading class javafx/application/Application done
Event: 12.903 loading class java/util/LinkedList$ListItr
Event: 12.903 loading class java/util/LinkedList$ListItr done


Dynamic libraries:
0x000000013f880000 - 0x000000013f8b7000 	C:\sun\jdk8\bin\java.exe
0x0000000077450000 - 0x00000000775fa000 	C:\Windows\SYSTEM32\ntdll.dll
0x0000000077230000 - 0x000000007734f000 	C:\Windows\system32\kernel32.dll
0x000007fefd480000 - 0x000007fefd4ea000 	C:\Windows\system32\KERNELBASE.dll
0x000007feff4f0000 - 0x000007feff5cb000 	C:\Windows\system32\ADVAPI32.dll
0x000007fefdb50000 - 0x000007fefdbef000 	C:\Windows\system32\msvcrt.dll
0x000007fefd540000 - 0x000007fefd55f000 	C:\Windows\SYSTEM32\sechost.dll
0x000007fefd8c0000 - 0x000007fefd9ed000 	C:\Windows\system32\RPCRT4.dll
0x0000000077350000 - 0x000000007744a000 	C:\Windows\system32\USER32.dll
0x000007fefee50000 - 0x000007fefeeb7000 	C:\Windows\system32\GDI32.dll
0x000007fefef60000 - 0x000007fefef6e000 	C:\Windows\system32\LPK.dll
0x000007fefd5c0000 - 0x000007fefd68a000 	C:\Windows\system32\USP10.dll
0x000007fefbb30000 - 0x000007fefbd24000 	C:\Windows\WinSxS\amd64_microsoft.windows.common-controls_6595b64144ccf1df_6.0.7601.18837_none_fa3b1e3d17594757\COMCTL32.dll
0x000007feff5d0000 - 0x000007feff641000 	C:\Windows\system32\SHLWAPI.dll
0x000007fefd890000 - 0x000007fefd8be000 	C:\Windows\system32\IMM32.DLL
0x000007feff650000 - 0x000007feff759000 	C:\Windows\system32\MSCTF.dll
0x0000000056090000 - 0x0000000056162000 	C:\sun\jdk8\jre\bin\msvcr100.dll
0x0000000055030000 - 0x00000000558ca000 	C:\sun\jdk8\jre\bin\server\jvm.dll
0x000007fef81e0000 - 0x000007fef81e9000 	C:\Windows\system32\WSOCK32.dll
0x000007fefee00000 - 0x000007fefee4d000 	C:\Windows\system32\WS2_32.dll
0x000007fefe060000 - 0x000007fefe068000 	C:\Windows\system32\NSI.dll
0x000007fef9b40000 - 0x000007fef9b7b000 	C:\Windows\system32\WINMM.dll
0x000007fefc220000 - 0x000007fefc22c000 	C:\Windows\system32\VERSION.dll
0x0000000077620000 - 0x0000000077627000 	C:\Windows\system32\PSAPI.DLL
0x0000000059b00000 - 0x0000000059b0f000 	C:\sun\jdk8\jre\bin\verify.dll
0x00000000563c0000 - 0x00000000563e9000 	C:\sun\jdk8\jre\bin\java.dll
0x00000000563a0000 - 0x00000000563b6000 	C:\sun\jdk8\jre\bin\zip.dll
0x000007fefe070000 - 0x000007fefedfa000 	C:\Windows\system32\SHELL32.dll
0x000007feff240000 - 0x000007feff443000 	C:\Windows\system32\ole32.dll
0x000007fefd190000 - 0x000007fefd19f000 	C:\Windows\system32\profapi.dll
0x000007fef1090000 - 0x000007fef117f000 	C:\sun\jdk8\jre\bin\msvcr120.dll
0x000007fef12a0000 - 0x000007fef1346000 	C:\sun\jdk8\jre\bin\msvcp120.dll
0x0000000055c30000 - 0x0000000055c52000 	C:\sun\jdk8\jre\bin\prism_d3d.dll
0x000007fef0040000 - 0x000007fef023f000 	C:\Windows\system32\d3d9.dll
0x000007fefba30000 - 0x000007fefba37000 	C:\Windows\system32\d3d8thk.dll
0x000007fefb430000 - 0x000007fefb448000 	C:\Windows\system32\dwmapi.dll
0x000007fefb860000 - 0x000007fefb8b6000 	C:\Windows\system32\uxtheme.dll
0x000007feed050000 - 0x000007feedc6d000 	C:\Windows\system32\igdumd64.dll
0x000000006d320000 - 0x000000006d363000 	C:\sun\jdk8\jre\bin\glass.dll
0x000007feff450000 - 0x000007feff4e7000 	C:\Windows\system32\COMDLG32.dll
0x000007fefda70000 - 0x000007fefdb4a000 	C:\Windows\system32\OLEAUT32.dll
0x000007fefcfe0000 - 0x000007fefcfef000 	C:\Windows\system32\CRYPTBASE.dll
0x0000000180000000 - 0x0000000180179000 	C:\Program Files (x86)\ABBYY Lingvo x5\LvHook64.dll
0x000007fef2400000 - 0x000007fef2410000 	C:\Program Files (x86)\ABBYY Lingvo x5\Detoured64.dll
0x000007fefd500000 - 0x000007fefd51e000 	C:\Windows\system32\USERENV.dll
0x0000000055c10000 - 0x0000000055c24000 	C:\sun\jdk8\jre\bin\javafx_font.dll
0x000007fef02a0000 - 0x000007fef0437000 	C:\Windows\system32\dwrite.dll
0x000007fefeec0000 - 0x000007fefef59000 	C:\Windows\system32\CLBCatQ.DLL
0x000007fefb280000 - 0x000007fefb3e1000 	C:\Windows\system32\WindowsCodecs.dll
0x000007fefcf80000 - 0x000007fefcfd7000 	C:\Windows\system32\apphelp.dll
0x000007fef7140000 - 0x000007fef7200000 	C:\Program Files (x86)\Google\Drive\googledrivesync64.dll
0x00000000727e0000 - 0x00000000728b3000 	C:\Program Files (x86)\Google\Drive\Microsoft.VC90.CRT\MSVCP90.dll
0x0000000072730000 - 0x00000000727d3000 	C:\Program Files (x86)\Google\Drive\Microsoft.VC90.CRT\MSVCR90.dll
0x0000000072710000 - 0x0000000072726000 	C:\Program Files\Common Files\TortoiseOverlays\TortoiseOverlays.dll
0x000000001d010000 - 0x000000001d08b000 	C:\sun\TortoiseHg\ThgShellx64.dll
0x000007fef6dd0000 - 0x000007fef70ee000 	C:\Windows\system32\msi.dll
0x000007fef6d90000 - 0x000007fef6dc5000 	C:\Windows\system32\EhStorShell.dll
0x000007fefd690000 - 0x000007fefd867000 	C:\Windows\system32\SETUPAPI.dll
0x000007fefd390000 - 0x000007fefd3c6000 	C:\Windows\system32\CFGMGR32.dll
0x000007fefd360000 - 0x000007fefd37a000 	C:\Windows\system32\DEVOBJ.dll
0x000007fefb8c0000 - 0x000007fefb9ec000 	C:\Windows\system32\PROPSYS.dll
0x000007fef6720000 - 0x000007fef6d8f000 	C:\PROGRA~1\MIF5BA~1\Office14\GROOVEEX.DLL
0x00000000724c0000 - 0x000000007255d000 	C:\Windows\WinSxS\amd64_microsoft.vc90.crt_1fc8b3b9a1e18e3b_9.0.30729.4940_none_08e4299fa83d7e3c\MSVCR90.dll
0x00000000723e0000 - 0x00000000724b3000 	C:\Windows\WinSxS\amd64_microsoft.vc90.crt_1fc8b3b9a1e18e3b_9.0.30729.4940_none_08e4299fa83d7e3c\MSVCP90.dll
0x00000000723b0000 - 0x00000000723df000 	C:\Windows\WinSxS\amd64_microsoft.vc90.atl_1fc8b3b9a1e18e3b_9.0.30729.4148_none_0a1d2fcba76b3f00\ATL90.DLL
0x000007fef62f0000 - 0x000007fef670a000 	C:\PROGRA~1\COMMON~1\MICROS~1\OFFICE14\Cultures\office.odf
0x000007fef5a80000 - 0x000007fef62e5000 	C:\PROGRA~1\MIF5BA~1\Office14\1033\GrooveIntlResource.dll
0x000007fef4a10000 - 0x000007fef4a18000 	C:\Windows\system32\IconCodecService.dll
0x000007fefaed0000 - 0x000007fefaefd000 	C:\Program Files\Common Files\Microsoft Shared\Ink\rtscom.dll
0x0000000070120000 - 0x0000000070131000 	C:\sun\jdk8\jre\bin\prism_common.dll
0x000007fef83f0000 - 0x000007fef8515000 	C:\Windows\system32\dbghelp.dll

VM Arguments:
java_command: org.vns.javafx.dock.api.demo.TestDockTabPane2
java_class_path (initial): D:\JavaFX-Tests\FXDocking\target\classes
Launcher Type: SUN_STANDARD

Environment Variables:
JAVA_HOME=C:\sun\jdk8
PATH=C:\ProgramData\Oracle\Java\javapath;C:\Program Files\Common Files\Microsoft Shared\Windows Live;C:\Program Files (x86)\Common Files\Microsoft Shared\Windows Live;C:\Windows\system32;C:\Windows;C:\Windows\System32\Wbem;C:\Windows\System32\WindowsPowerShell\v1.0\;C:\sun\dbs\MySQL\bin;C:\Program Files\Microsoft\Web Platform Installer\;C:\Program Files (x86)\Microsoft ASP.NET\ASP.NET Web Pages\v1.0\;C:\Program Files (x86)\Windows Kits\8.0\Windows Performance Toolkit\;C:\Program Files\Microsoft SQL Server\110\Tools\Binn\;C:\Program Files (x86)\Microsoft SDKs\TypeScript\0.8.0.0\;c:\sun\play;c:\sun\maven\bin;C:\sun\TortoiseHg\;c:\sun\vert.x\bin;c:\sun\gradle\bin;C:\Program Files (x86)\Samsung\Samsung PC Studio 3\;C:\Program Files\Calibre2\;C:\Program Files (x86)\Windows Live\Shared;c:\sun\jdk8\bin;c:\sun\Maven\bin;C:\sun\GnuPG\pub;c:\sun\GnuPG\;C:\sun\nodejs\;C:\Program Files (x86)\Skype\Phone\;C:\sun\Git\cmd;C:\sun\nodejs;c:\sun\git
USERNAME=Valery
OS=Windows_NT
PROCESSOR_IDENTIFIER=Intel64 Family 6 Model 58 Stepping 9, GenuineIntel



---------------  S Y S T E M  ---------------

OS: Windows 7 , 64 bit Build 7601 (6.1.7601.23572)

CPU:total 4 (4 cores per cpu, 1 threads per core) family 6 model 58 stepping 9, cmov, cx8, fxsr, mmx, sse, sse2, sse3, ssse3, sse4.1, sse4.2, popcnt, avx, aes, clmul, erms, tsc, tscinvbit, tscinv

Memory: 4k page, physical 16461608k(11433356k free), swap 32921356k(25669832k free)

vm_info: Java HotSpot(TM) 64-Bit Server VM (25.101-b13) for windows-amd64 JRE (1.8.0_101-b13), built on Jun 22 2016 01:21:29 by "java_re" with MS VC++ 10.0 (VS2010)

time: Sat Jan 21 15:05:51 2017
elapsed time: 12 seconds (0d 0h 0m 12s)

