#
# A fatal error has been detected by the Java Runtime Environment:
#
#  EXCEPTION_ACCESS_VIOLATION (0xc0000005) at pc=0x000000006d599d9a, pid=6832, tid=0x0000000000001644
#
# JRE version: Java(TM) SE Runtime Environment (8.0_101-b13) (build 1.8.0_101-b13)
# Java VM: Java HotSpot(TM) 64-Bit Server VM (25.101-b13 mixed mode windows-amd64 compressed oops)
# Problematic frame:
# C  [glass.dll+0x19d9a]
#
# Failed to write core dump. Minidumps are not enabled by default on client versions of Windows
#
# If you would like to submit a bug report, please visit:
#   http://bugreport.java.com/bugreport/crash.jsp
# The crash happened outside the Java Virtual Machine in native code.
# See problematic frame for where to report the bug.
#

---------------  T H R E A D  ---------------

Current thread (0x000000001dfba000):  JavaThread "JavaFX Application Thread" [_thread_in_native, id=5700, stack(0x000000001f020000,0x000000001f120000)]

siginfo: ExceptionCode=0xc0000005, reading address 0x0000000000000130

Registers:
RAX=0x0000000000000000, RBX=0x000000001f11da20, RCX=0x0000000000000000, RDX=0x0000000000000000
RSP=0x000000001f11d7a0, RBP=0x0000000000000000, RSI=0x00000000000b6a90, RDI=0x000000001f11da20
R8 =0x000000001f11d708, R9 =0x0000000000000000, R10=0x0000000000000000, R11=0x0000000000000202
R12=0x0000000000000000, R13=0x0000000000000401, R14=0x0000000000000000, R15=0x0000000000930526
RIP=0x000000006d599d9a, EFLAGS=0x0000000000010206

Top of Stack: (sp=0x000000001f11d7a0)
0x000000001f11d7a0:   0000000000000000 0000000000180001
0x000000001f11d7b0:   000000006d5ac05f 000000001dfba000
0x000000001f11d7c0:   000000001f11da20 000000006d599f1a
0x000000001f11d7d0:   000000001f11da20 00000000000b6a90
0x000000001f11d7e0:   0000000000000000 0000000000000000
0x000000001f11d7f0:   0000000000000401 000000006d58a1f5
0x000000001f11d800:   00000007c009ad00 000000001dfba001
0x000000001f11d810:   00000007c009c05f 0000000000000001
0x000000001f11d820:   0000000000930526 000000006d5817e8
0x000000001f11d830:   0000000000000401 00000000000b6a90
0x000000001f11d840:   000000001f11da20 0000000000000401
0x000000001f11d850:   0000000000000000 0000000077369bbd
0x000000001f11d860:   0000000000000401 0000000000930526
0x000000001f11d870:   0000000000000001 0000000000000000
0x000000001f11d880:   000000001f11d990 000000001d6b2e60
0x000000001f11d890:   0000000700000001 0000000000000000 

Instructions: (pc=0x000000006d599d9a)
0x000000006d599d7a:   48 8b 5c 24 30 48 8b 6c 24 38 48 8b 74 24 40 48
0x000000006d599d8a:   83 c4 20 5f c3 cc 48 89 5c 24 08 57 48 83 ec 20
0x000000006d599d9a:   48 8b 81 30 01 00 00 48 8b f9 48 85 c0 75 04 48
0x000000006d599daa:   8b 41 08 48 3b 05 3c 19 02 00 75 31 e8 a5 4d 00 


Register to memory mapping:

RAX=0x0000000000000000 is an unknown value
RBX=0x000000001f11da20 is pointing into the stack for thread: 0x000000001dfba000
RCX=0x0000000000000000 is an unknown value
RDX=0x0000000000000000 is an unknown value
RSP=0x000000001f11d7a0 is pointing into the stack for thread: 0x000000001dfba000
RBP=0x0000000000000000 is an unknown value
RSI=0x00000000000b6a90 is an unknown value
RDI=0x000000001f11da20 is pointing into the stack for thread: 0x000000001dfba000
R8 =0x000000001f11d708 is pointing into the stack for thread: 0x000000001dfba000
R9 =0x0000000000000000 is an unknown value
R10=0x0000000000000000 is an unknown value
R11=0x0000000000000202 is an unknown value
R12=0x0000000000000000 is an unknown value
R13=0x0000000000000401 is an unknown value
R14=0x0000000000000000 is an unknown value
R15=0x0000000000930526 is an unknown value


Stack: [0x000000001f020000,0x000000001f120000],  sp=0x000000001f11d7a0,  free space=1013k
Native frames: (J=compiled Java code, j=interpreted, Vv=VM code, C=native code)

Java frames: (J=compiled Java code, j=interpreted, Vv=VM code)
j  com.sun.glass.ui.win.WinWindow._close(J)Z+0
j  com.sun.glass.ui.Window.close()V+63
j  com.sun.glass.ui.win.WinWindow.close()V+8
j  com.sun.glass.ui.Application.terminate()V+75
j  com.sun.javafx.tk.quantum.QuantumToolkit.lambda$exit$406()Ljava/lang/Object;+5
j  com.sun.javafx.tk.quantum.QuantumToolkit$$Lambda$285.get()Ljava/lang/Object;+0
J 2716 C1 com.sun.javafx.tk.quantum.QuantumToolkit.runWithRenderLock(Ljava/util/function/Supplier;)Ljava/lang/Object; (30 bytes) @ 0x0000000002f1f664 [0x0000000002f1f400+0x264]
j  com.sun.javafx.tk.quantum.QuantumToolkit.exit()V+26
j  com.sun.javafx.application.PlatformImpl.lambda$tkExit$178()V+3
j  com.sun.javafx.application.PlatformImpl$$Lambda$284.run()V+0
j  com.sun.javafx.application.PlatformImpl.lambda$runAndWait$175(Ljava/lang/Runnable;Ljava/util/concurrent/CountDownLatch;)V+1
j  com.sun.javafx.application.PlatformImpl$$Lambda$48.run()V+8
j  com.sun.javafx.application.PlatformImpl.lambda$null$173(Ljava/lang/Runnable;)Ljava/lang/Void;+1
j  com.sun.javafx.application.PlatformImpl$$Lambda$50.run()Ljava/lang/Object;+4
v  ~StubRoutines::call_stub
J 1964  java.security.AccessController.doPrivileged(Ljava/security/PrivilegedAction;Ljava/security/AccessControlContext;)Ljava/lang/Object; (0 bytes) @ 0x0000000002d029a6 [0x0000000002d02940+0x66]
j  com.sun.javafx.application.PlatformImpl.lambda$runLater$174(Ljava/lang/Runnable;Ljava/security/AccessControlContext;)V+7
j  com.sun.javafx.application.PlatformImpl$$Lambda$49.run()V+8
j  com.sun.glass.ui.InvokeLaterDispatcher$Future.run()V+4
v  ~StubRoutines::call_stub
j  com.sun.glass.ui.win.WinApplication._runLoop(Ljava/lang/Runnable;)V+0
j  com.sun.glass.ui.win.WinApplication.lambda$null$148(ILjava/lang/Runnable;)V+8
j  com.sun.glass.ui.win.WinApplication$$Lambda$38.run()V+12
j  java.lang.Thread.run()V+11
v  ~StubRoutines::call_stub

---------------  P R O C E S S  ---------------

Java Threads: ( => current thread )
  0x000000001e28c800 JavaThread "Prism Font Disposer" daemon [_thread_blocked, id=6496, stack(0x0000000021eb0000,0x0000000021fb0000)]
  0x000000001e00e800 JavaThread "Thread-3" daemon [_thread_in_native, id=2064, stack(0x0000000020b80000,0x0000000020c80000)]
  0x000000001e01c800 JavaThread "JavaFX-Launcher" [_thread_blocked, id=4912, stack(0x0000000020e80000,0x0000000020f80000)]
=>0x000000001dfba000 JavaThread "JavaFX Application Thread" [_thread_in_native, id=5700, stack(0x000000001f020000,0x000000001f120000)]
  0x000000001dfb1000 JavaThread "Thread-1" daemon [_thread_blocked, id=6548, stack(0x000000001ed70000,0x000000001ee70000)]
  0x000000001d9fe000 JavaThread "QuantumRenderer-0" daemon [_thread_blocked, id=6436, stack(0x000000001e8f0000,0x000000001e9f0000)]
  0x000000001d684800 JavaThread "Service Thread" daemon [_thread_blocked, id=5264, stack(0x000000001da40000,0x000000001db40000)]
  0x000000001d604000 JavaThread "C1 CompilerThread2" daemon [_thread_blocked, id=6456, stack(0x000000001dca0000,0x000000001dda0000)]
  0x000000001d603000 JavaThread "C2 CompilerThread1" daemon [_thread_blocked, id=1468, stack(0x000000001db60000,0x000000001dc60000)]
  0x000000001bdc3000 JavaThread "C2 CompilerThread0" daemon [_thread_blocked, id=6064, stack(0x000000001d500000,0x000000001d600000)]
  0x000000001bdcf000 JavaThread "Attach Listener" daemon [_thread_blocked, id=3196, stack(0x000000001d3c0000,0x000000001d4c0000)]
  0x000000001bdcd800 JavaThread "Signal Dispatcher" daemon [_thread_blocked, id=1324, stack(0x000000001cf10000,0x000000001d010000)]
  0x000000001bda9800 JavaThread "Finalizer" daemon [_thread_blocked, id=6116, stack(0x000000001d2c0000,0x000000001d3c0000)]
  0x000000001bd62000 JavaThread "Reference Handler" daemon [_thread_blocked, id=5992, stack(0x000000001d0e0000,0x000000001d1e0000)]
  0x00000000021de000 JavaThread "main" [_thread_blocked, id=5436, stack(0x0000000002340000,0x0000000002440000)]

Other Threads:
  0x000000001bd5a800 VMThread [stack: 0x000000001ce10000,0x000000001cf10000] [id=5880]
  0x000000001d6aa800 WatcherThread [stack: 0x000000001de90000,0x000000001df90000] [id=6712]

VM state:not at safepoint (normal execution)

VM Mutex/Monitor currently owned by a thread: None

Heap:
 PSYoungGen      total 75264K, used 56966K [0x000000076c400000, 0x0000000771800000, 0x00000007c0000000)
  eden space 64512K, 88% used [0x000000076c400000,0x000000076fba19b0,0x0000000770300000)
  from space 10752K, 0% used [0x0000000770d80000,0x0000000770d80000,0x0000000771800000)
  to   space 10752K, 0% used [0x0000000770300000,0x0000000770300000,0x0000000770d80000)
 ParOldGen       total 172032K, used 0K [0x00000006c4c00000, 0x00000006cf400000, 0x000000076c400000)
  object space 172032K, 0% used [0x00000006c4c00000,0x00000006c4c00000,0x00000006cf400000)
 Metaspace       used 16589K, capacity 17562K, committed 17792K, reserved 1064960K
  class space    used 2383K, capacity 2614K, committed 2688K, reserved 1048576K

Card table byte_map: [0x0000000011ad0000,0x00000000122b0000] byte_map_base: 0x000000000e4aa000

Marking Bits: (ParMarkBitMap*) 0x000000005584a6d0
 Begin Bits: [0x0000000012e50000, 0x0000000016d20000)
 End Bits:   [0x0000000016d20000, 0x000000001abf0000)

Polling page: 0x0000000000330000

CodeCache: size=245760Kb used=8390Kb max_used=8550Kb free=237369Kb
 bounds [0x0000000002710000, 0x0000000002f80000, 0x0000000011710000]
 total_blobs=3333 nmethods=2674 adapters=571
 compilation: enabled

Compilation events (10 events):
Event: 11.357 Thread 0x000000001d604000 2962       3       com.sun.javafx.sg.prism.NGRegion::computeRenderRoot (37 bytes)
Event: 11.358 Thread 0x000000001d604000 nmethod 2962 0x0000000002c135d0 code [0x0000000002c13740, 0x0000000002c13a18]
Event: 11.358 Thread 0x000000001d604000 2961       3       com.sun.javafx.geom.DirtyRegionContainer::getDirtyRegion (7 bytes)
Event: 11.358 Thread 0x000000001d604000 nmethod 2961 0x0000000002bb1090 code [0x0000000002bb11e0, 0x0000000002bb1370]
Event: 11.358 Thread 0x000000001d604000 2963       3       com.sun.prism.impl.VertexBuffer::addMappedPgram (527 bytes)
Event: 11.359 Thread 0x000000001d604000 nmethod 2963 0x00000000029fb6d0 code [0x00000000029fb8c0, 0x00000000029fc398]
Event: 11.799 Thread 0x000000001d604000 2964       3       java.lang.Byte::hashCode (8 bytes)
Event: 11.799 Thread 0x000000001d604000 nmethod 2964 0x0000000002a99950 code [0x0000000002a99aa0, 0x0000000002a99c50]
Event: 11.799 Thread 0x000000001d604000 2965       3       java.lang.Byte::hashCode (2 bytes)
Event: 11.799 Thread 0x000000001d604000 nmethod 2965 0x0000000002b259d0 code [0x0000000002b25b20, 0x0000000002b25c50]

GC Heap History (0 events):
No events

Deoptimization events (10 events):
Event: 0.774 Thread 0x000000001dfba000 Uncommon trap: reason=bimorphic action=maybe_recompile pc=0x0000000002a3bd28 method=java.io.DataInputStream.readShort()S @ 4
Event: 0.795 Thread 0x000000001dfba000 Uncommon trap: reason=unstable_if action=reinterpret pc=0x0000000002b3a894 method=javafx.scene.CssStyleHelper.getStyle(Ljavafx/css/Styleable;Ljava/lang/String;Lcom/sun/javafx/css/StyleMap;Ljava/util/Set;)Lcom/sun/javafx/css/CascadingStyle; @ 1
Event: 0.876 Thread 0x000000001d9fe000 Uncommon trap: reason=unstable_if action=reinterpret pc=0x0000000002bb318c method=java.util.WeakHashMap.eq(Ljava/lang/Object;Ljava/lang/Object;)Z @ 2
Event: 1.566 Thread 0x000000001dfba000 Uncommon trap: reason=unstable_if action=reinterpret pc=0x0000000002a478b8 method=jdk.internal.org.objectweb.asm.Type.getArgumentsAndReturnSizes(Ljava/lang/String;)I @ 47
Event: 3.252 Thread 0x000000001dfba000 Uncommon trap: reason=unstable_if action=reinterpret pc=0x0000000002c32894 method=com.sun.javafx.css.StyleManager$CacheContainer.getStyleMap(I)Lcom/sun/javafx/css/StyleMap; @ 22
Event: 3.252 Thread 0x000000001dfba000 Uncommon trap: reason=unstable_if action=reinterpret pc=0x0000000002bcf0d8 method=com.sun.javafx.css.StyleManager$CacheContainer.getStyleMap(I)Lcom/sun/javafx/css/StyleMap; @ 22
Event: 3.296 Thread 0x000000001dfba000 Uncommon trap: reason=class_check action=maybe_recompile pc=0x0000000002b6d8e8 method=com.sun.javafx.css.parser.CSSLexer.readChar()I @ 4
Event: 3.296 Thread 0x000000001dfba000 Uncommon trap: reason=class_check action=maybe_recompile pc=0x0000000002b6d8e8 method=com.sun.javafx.css.parser.CSSLexer.readChar()I @ 4
Event: 3.296 Thread 0x000000001dfba000 Uncommon trap: reason=class_check action=maybe_recompile pc=0x0000000002b6d8e8 method=com.sun.javafx.css.parser.CSSLexer.readChar()I @ 4
Event: 3.296 Thread 0x000000001dfba000 Uncommon trap: reason=class_check action=maybe_recompile pc=0x0000000002b6d8e8 method=com.sun.javafx.css.parser.CSSLexer.readChar()I @ 4

Internal exceptions (10 events):
Event: 5.156 Thread 0x000000001dfba000 Exception <a 'java/lang/NullPointerException'> (0x000000076f482058) thrown at [C:\re\workspace\8-2-build-windows-amd64-cygwin\jdk8u101\7261\hotspot\src\share\vm\prims\jvm.cpp, line 1390]
Event: 7.182 Thread 0x000000001dfba000 Exception <a 'java/lang/NullPointerException'> (0x000000076f8a9110) thrown at [C:\re\workspace\8-2-build-windows-amd64-cygwin\jdk8u101\7261\hotspot\src\share\vm\interpreter\linkResolver.cpp, line 1178]
Event: 7.182 Thread 0x000000001dfba000 Exception <a 'java/lang/NullPointerException'> (0x000000076f8a9110) thrown at [C:\re\workspace\8-2-build-windows-amd64-cygwin\jdk8u101\7261\hotspot\src\share\vm\prims\jvm.cpp, line 1390]
Event: 7.185 Thread 0x000000001dfba000 Exception <a 'java/lang/NullPointerException'> (0x000000076f8c1898) thrown at [C:\re\workspace\8-2-build-windows-amd64-cygwin\jdk8u101\7261\hotspot\src\share\vm\prims\jvm.cpp, line 1390]
Event: 7.334 Thread 0x000000001dfba000 Exception <a 'java/lang/NullPointerException'> (0x000000076f950680) thrown at [C:\re\workspace\8-2-build-windows-amd64-cygwin\jdk8u101\7261\hotspot\src\share\vm\interpreter\linkResolver.cpp, line 1178]
Event: 7.334 Thread 0x000000001dfba000 Exception <a 'java/lang/NullPointerException'> (0x000000076f950680) thrown at [C:\re\workspace\8-2-build-windows-amd64-cygwin\jdk8u101\7261\hotspot\src\share\vm\prims\jvm.cpp, line 1390]
Event: 7.704 Thread 0x000000001dfba000 Exception <a 'java/lang/NullPointerException'> (0x000000076f967148) thrown at [C:\re\workspace\8-2-build-windows-amd64-cygwin\jdk8u101\7261\hotspot\src\share\vm\prims\jvm.cpp, line 1390]
Event: 8.366 Thread 0x000000001dfba000 Exception <a 'java/lang/NullPointerException'> (0x000000076f9ac650) thrown at [C:\re\workspace\8-2-build-windows-amd64-cygwin\jdk8u101\7261\hotspot\src\share\vm\interpreter\linkResolver.cpp, line 1178]
Event: 8.366 Thread 0x000000001dfba000 Exception <a 'java/lang/NullPointerException'> (0x000000076f9ac650) thrown at [C:\re\workspace\8-2-build-windows-amd64-cygwin\jdk8u101\7261\hotspot\src\share\vm\prims\jvm.cpp, line 1390]
Event: 9.866 Thread 0x000000001dfba000 Exception <a 'java/lang/NullPointerException'> (0x000000076f9e2ba8) thrown at [C:\re\workspace\8-2-build-windows-amd64-cygwin\jdk8u101\7261\hotspot\src\share\vm\prims\jvm.cpp, line 1390]

Events (10 events):
Event: 9.873 Thread 0x000000001d604000 flushing nmethod 0x0000000002bb1090
Event: 9.873 Thread 0x000000001d604000 flushing nmethod 0x0000000002c09e10
Event: 9.873 Thread 0x000000001d604000 flushing nmethod 0x0000000002c0e750
Event: 9.880 Thread 0x000000001d604000 flushing nmethod 0x0000000002d39e90
Event: 11.800 loading class javafx/application/Application
Event: 11.800 loading class javafx/application/Application done
Event: 11.800 loading class javafx/application/Application
Event: 11.800 loading class javafx/application/Application done
Event: 11.802 loading class java/util/LinkedList$ListItr
Event: 11.803 loading class java/util/LinkedList$ListItr done


Dynamic libraries:
0x000000013fdc0000 - 0x000000013fdf7000 	C:\sun\jdk8\bin\java.exe
0x0000000077450000 - 0x00000000775fa000 	C:\Windows\SYSTEM32\ntdll.dll
0x0000000077230000 - 0x000000007734f000 	C:\Windows\system32\kernel32.dll
0x000007fefd480000 - 0x000007fefd4ea000 	C:\Windows\system32\KERNELBASE.dll
0x000007feff4f0000 - 0x000007feff5cb000 	C:\Windows\system32\ADVAPI32.dll
0x000007fefdb50000 - 0x000007fefdbef000 	C:\Windows\system32\msvcrt.dll
0x000007fefd540000 - 0x000007fefd55f000 	C:\Windows\SYSTEM32\sechost.dll
0x000007fefd8c0000 - 0x000007fefd9ed000 	C:\Windows\system32\RPCRT4.dll
0x0000000077350000 - 0x000000007744a000 	C:\Windows\system32\USER32.dll
0x000007fefee50000 - 0x000007fefeeb7000 	C:\Windows\system32\GDI32.dll
0x000007fefef60000 - 0x000007fefef6e000 	C:\Windows\system32\LPK.dll
0x000007fefd5c0000 - 0x000007fefd68a000 	C:\Windows\system32\USP10.dll
0x000007fefbb30000 - 0x000007fefbd24000 	C:\Windows\WinSxS\amd64_microsoft.windows.common-controls_6595b64144ccf1df_6.0.7601.18837_none_fa3b1e3d17594757\COMCTL32.dll
0x000007feff5d0000 - 0x000007feff641000 	C:\Windows\system32\SHLWAPI.dll
0x000007fefd890000 - 0x000007fefd8be000 	C:\Windows\system32\IMM32.DLL
0x000007feff650000 - 0x000007feff759000 	C:\Windows\system32\MSCTF.dll
0x0000000056090000 - 0x0000000056162000 	C:\sun\jdk8\jre\bin\msvcr100.dll
0x0000000055030000 - 0x00000000558ca000 	C:\sun\jdk8\jre\bin\server\jvm.dll
0x000007fef81e0000 - 0x000007fef81e9000 	C:\Windows\system32\WSOCK32.dll
0x000007fefee00000 - 0x000007fefee4d000 	C:\Windows\system32\WS2_32.dll
0x000007fefe060000 - 0x000007fefe068000 	C:\Windows\system32\NSI.dll
0x000007fef9b40000 - 0x000007fef9b7b000 	C:\Windows\system32\WINMM.dll
0x000007fefc220000 - 0x000007fefc22c000 	C:\Windows\system32\VERSION.dll
0x0000000077620000 - 0x0000000077627000 	C:\Windows\system32\PSAPI.DLL
0x0000000059b00000 - 0x0000000059b0f000 	C:\sun\jdk8\jre\bin\verify.dll
0x00000000563c0000 - 0x00000000563e9000 	C:\sun\jdk8\jre\bin\java.dll
0x00000000563a0000 - 0x00000000563b6000 	C:\sun\jdk8\jre\bin\zip.dll
0x000007fefe070000 - 0x000007fefedfa000 	C:\Windows\system32\SHELL32.dll
0x000007feff240000 - 0x000007feff443000 	C:\Windows\system32\ole32.dll
0x000007fefd190000 - 0x000007fefd19f000 	C:\Windows\system32\profapi.dll
0x000007fef0350000 - 0x000007fef043f000 	C:\sun\jdk8\jre\bin\msvcr120.dll
0x000007fef0d60000 - 0x000007fef0e06000 	C:\sun\jdk8\jre\bin\msvcp120.dll
0x0000000055c30000 - 0x0000000055c52000 	C:\sun\jdk8\jre\bin\prism_d3d.dll
0x000007fef0150000 - 0x000007fef034f000 	C:\Windows\system32\d3d9.dll
0x000007fefba10000 - 0x000007fefba17000 	C:\Windows\system32\d3d8thk.dll
0x000007fefb430000 - 0x000007fefb448000 	C:\Windows\system32\dwmapi.dll
0x000007fefb860000 - 0x000007fefb8b6000 	C:\Windows\system32\uxtheme.dll
0x000007feec430000 - 0x000007feed04d000 	C:\Windows\system32\igdumd64.dll
0x000000006d580000 - 0x000000006d5c3000 	C:\sun\jdk8\jre\bin\glass.dll
0x000007feff450000 - 0x000007feff4e7000 	C:\Windows\system32\COMDLG32.dll
0x000007fefda70000 - 0x000007fefdb4a000 	C:\Windows\system32\OLEAUT32.dll
0x000007fefcfe0000 - 0x000007fefcfef000 	C:\Windows\system32\CRYPTBASE.dll
0x0000000180000000 - 0x0000000180179000 	C:\Program Files (x86)\ABBYY Lingvo x5\LvHook64.dll
0x000007fef2400000 - 0x000007fef2410000 	C:\Program Files (x86)\ABBYY Lingvo x5\Detoured64.dll
0x000007fefd500000 - 0x000007fefd51e000 	C:\Windows\system32\USERENV.dll
0x0000000055c10000 - 0x0000000055c24000 	C:\sun\jdk8\jre\bin\javafx_font.dll
0x000007fef07d0000 - 0x000007fef0967000 	C:\Windows\system32\dwrite.dll
0x000007fefeec0000 - 0x000007fefef59000 	C:\Windows\system32\CLBCatQ.DLL
0x000007fefb280000 - 0x000007fefb3e1000 	C:\Windows\system32\WindowsCodecs.dll
0x000007fefcf80000 - 0x000007fefcfd7000 	C:\Windows\system32\apphelp.dll
0x000007fef7140000 - 0x000007fef7200000 	C:\Program Files (x86)\Google\Drive\googledrivesync64.dll
0x00000000727e0000 - 0x00000000728b3000 	C:\Program Files (x86)\Google\Drive\Microsoft.VC90.CRT\MSVCP90.dll
0x0000000072730000 - 0x00000000727d3000 	C:\Program Files (x86)\Google\Drive\Microsoft.VC90.CRT\MSVCR90.dll
0x0000000072710000 - 0x0000000072726000 	C:\Program Files\Common Files\TortoiseOverlays\TortoiseOverlays.dll
0x0000000012c60000 - 0x0000000012cdb000 	C:\sun\TortoiseHg\ThgShellx64.dll
0x000007fef6dd0000 - 0x000007fef70ee000 	C:\Windows\system32\msi.dll
0x000007fef6d90000 - 0x000007fef6dc5000 	C:\Windows\system32\EhStorShell.dll
0x000007fefd690000 - 0x000007fefd867000 	C:\Windows\system32\SETUPAPI.dll
0x000007fefd390000 - 0x000007fefd3c6000 	C:\Windows\system32\CFGMGR32.dll
0x000007fefd360000 - 0x000007fefd37a000 	C:\Windows\system32\DEVOBJ.dll
0x000007fefb8c0000 - 0x000007fefb9ec000 	C:\Windows\system32\PROPSYS.dll
0x000007fef6720000 - 0x000007fef6d8f000 	C:\PROGRA~1\MIF5BA~1\Office14\GROOVEEX.DLL
0x00000000724c0000 - 0x000000007255d000 	C:\Windows\WinSxS\amd64_microsoft.vc90.crt_1fc8b3b9a1e18e3b_9.0.30729.4940_none_08e4299fa83d7e3c\MSVCR90.dll
0x00000000723e0000 - 0x00000000724b3000 	C:\Windows\WinSxS\amd64_microsoft.vc90.crt_1fc8b3b9a1e18e3b_9.0.30729.4940_none_08e4299fa83d7e3c\MSVCP90.dll
0x00000000723b0000 - 0x00000000723df000 	C:\Windows\WinSxS\amd64_microsoft.vc90.atl_1fc8b3b9a1e18e3b_9.0.30729.4148_none_0a1d2fcba76b3f00\ATL90.DLL
0x000007fef62f0000 - 0x000007fef670a000 	C:\PROGRA~1\COMMON~1\MICROS~1\OFFICE14\Cultures\office.odf
0x000007fef5a80000 - 0x000007fef62e5000 	C:\PROGRA~1\MIF5BA~1\Office14\1033\GrooveIntlResource.dll
0x000007fef4a10000 - 0x000007fef4a18000 	C:\Windows\system32\IconCodecService.dll
0x000007fefaed0000 - 0x000007fefaefd000 	C:\Program Files\Common Files\Microsoft Shared\Ink\rtscom.dll
0x000000006f770000 - 0x000000006f781000 	C:\sun\jdk8\jre\bin\prism_common.dll
0x000007fef83f0000 - 0x000007fef8515000 	C:\Windows\system32\dbghelp.dll

VM Arguments:
java_command: org.vns.javafx.dock.api.demo.TestDockTabPane2
java_class_path (initial): D:\JavaFX-Tests\FXDocking\target\classes
Launcher Type: SUN_STANDARD

Environment Variables:
JAVA_HOME=C:\sun\jdk8
PATH=C:\ProgramData\Oracle\Java\javapath;C:\Program Files\Common Files\Microsoft Shared\Windows Live;C:\Program Files (x86)\Common Files\Microsoft Shared\Windows Live;C:\Windows\system32;C:\Windows;C:\Windows\System32\Wbem;C:\Windows\System32\WindowsPowerShell\v1.0\;C:\sun\dbs\MySQL\bin;C:\Program Files\Microsoft\Web Platform Installer\;C:\Program Files (x86)\Microsoft ASP.NET\ASP.NET Web Pages\v1.0\;C:\Program Files (x86)\Windows Kits\8.0\Windows Performance Toolkit\;C:\Program Files\Microsoft SQL Server\110\Tools\Binn\;C:\Program Files (x86)\Microsoft SDKs\TypeScript\0.8.0.0\;c:\sun\play;c:\sun\maven\bin;C:\sun\TortoiseHg\;c:\sun\vert.x\bin;c:\sun\gradle\bin;C:\Program Files (x86)\Samsung\Samsung PC Studio 3\;C:\Program Files\Calibre2\;C:\Program Files (x86)\Windows Live\Shared;c:\sun\jdk8\bin;c:\sun\Maven\bin;C:\sun\GnuPG\pub;c:\sun\GnuPG\;C:\sun\nodejs\;C:\Program Files (x86)\Skype\Phone\;C:\sun\Git\cmd;C:\sun\nodejs;c:\sun\git
USERNAME=Valery
OS=Windows_NT
PROCESSOR_IDENTIFIER=Intel64 Family 6 Model 58 Stepping 9, GenuineIntel



---------------  S Y S T E M  ---------------

OS: Windows 7 , 64 bit Build 7601 (6.1.7601.23572)

CPU:total 4 (4 cores per cpu, 1 threads per core) family 6 model 58 stepping 9, cmov, cx8, fxsr, mmx, sse, sse2, sse3, ssse3, sse4.1, sse4.2, popcnt, avx, aes, clmul, erms, tsc, tscinvbit, tscinv

Memory: 4k page, physical 16461608k(12031532k free), swap 32921356k(26754036k free)

vm_info: Java HotSpot(TM) 64-Bit Server VM (25.101-b13) for windows-amd64 JRE (1.8.0_101-b13), built on Jun 22 2016 01:21:29 by "java_re" with MS VC++ 10.0 (VS2010)

time: Sat Jan 21 12:39:54 2017
elapsed time: 11 seconds (0d 0h 0m 11s)

