#
# A fatal error has been detected by the Java Runtime Environment:
#
#  EXCEPTION_ACCESS_VIOLATION (0xc0000005) at pc=0x000000006d639d9a, pid=6264, tid=0x0000000000001930
#
# JRE version: Java(TM) SE Runtime Environment (8.0_101-b13) (build 1.8.0_101-b13)
# Java VM: Java HotSpot(TM) 64-Bit Server VM (25.101-b13 mixed mode windows-amd64 compressed oops)
# Problematic frame:
# C  [glass.dll+0x19d9a]
#
# Failed to write core dump. Minidumps are not enabled by default on client versions of Windows
#
# If you would like to submit a bug report, please visit:
#   http://bugreport.java.com/bugreport/crash.jsp
# The crash happened outside the Java Virtual Machine in native code.
# See problematic frame for where to report the bug.
#

---------------  T H R E A D  ---------------

Current thread (0x000000001e025000):  JavaThread "JavaFX Application Thread" [_thread_in_native, id=6448, stack(0x000000001ee30000,0x000000001ef30000)]

siginfo: ExceptionCode=0xc0000005, reading address 0x0000000000000130

Registers:
RAX=0x0000000000000000, RBX=0x000000001ef2dcb0, RCX=0x0000000000000000, RDX=0x0000000000000000
RSP=0x000000001ef2da30, RBP=0x0000000000000000, RSI=0x00000000002d6a90, RDI=0x000000001ef2dcb0
R8 =0x000000001ef2d998, R9 =0x0000000000000000, R10=0x0000000000000000, R11=0x0000000000000202
R12=0x0000000000000000, R13=0x0000000000000401, R14=0x0000000000000000, R15=0x0000000000d30530
RIP=0x000000006d639d9a, EFLAGS=0x0000000000010206

Top of Stack: (sp=0x000000001ef2da30)
0x000000001ef2da30:   0000000000000000 0000000000180001
0x000000001ef2da40:   000000006d64c05f 000000001e025000
0x000000001ef2da50:   000000001ef2dcb0 000000006d639f1a
0x000000001ef2da60:   000000001ef2dcb0 00000000002d6a90
0x000000001ef2da70:   0000000000000000 0000000000000000
0x000000001ef2da80:   0000000000000401 000000006d62a1f5
0x000000001ef2da90:   00000007c009ad00 000000001e025001
0x000000001ef2daa0:   00000007c009c05f 0000000000000001
0x000000001ef2dab0:   0000000000d30530 000000006d6217e8
0x000000001ef2dac0:   0000000000000401 00000000002d6a90
0x000000001ef2dad0:   000000001ef2dcb0 0000000000000401
0x000000001ef2dae0:   0000000000000000 0000000077369bbd
0x000000001ef2daf0:   0000000000000401 0000000000d30530
0x000000001ef2db00:   0000000000000001 0000000000000000
0x000000001ef2db10:   000000001ef2dc20 000000001d37dca0
0x000000001ef2db20:   0000000700000001 0000000000000000 

Instructions: (pc=0x000000006d639d9a)
0x000000006d639d7a:   48 8b 5c 24 30 48 8b 6c 24 38 48 8b 74 24 40 48
0x000000006d639d8a:   83 c4 20 5f c3 cc 48 89 5c 24 08 57 48 83 ec 20
0x000000006d639d9a:   48 8b 81 30 01 00 00 48 8b f9 48 85 c0 75 04 48
0x000000006d639daa:   8b 41 08 48 3b 05 3c 19 02 00 75 31 e8 a5 4d 00 


Register to memory mapping:

RAX=0x0000000000000000 is an unknown value
RBX=0x000000001ef2dcb0 is pointing into the stack for thread: 0x000000001e025000
RCX=0x0000000000000000 is an unknown value
RDX=0x0000000000000000 is an unknown value
RSP=0x000000001ef2da30 is pointing into the stack for thread: 0x000000001e025000
RBP=0x0000000000000000 is an unknown value
RSI=0x00000000002d6a90 is an unknown value
RDI=0x000000001ef2dcb0 is pointing into the stack for thread: 0x000000001e025000
R8 =0x000000001ef2d998 is pointing into the stack for thread: 0x000000001e025000
R9 =0x0000000000000000 is an unknown value
R10=0x0000000000000000 is an unknown value
R11=0x0000000000000202 is an unknown value
R12=0x0000000000000000 is an unknown value
R13=0x0000000000000401 is an unknown value
R14=0x0000000000000000 is an unknown value
R15=0x0000000000d30530 is an unknown value


Stack: [0x000000001ee30000,0x000000001ef30000],  sp=0x000000001ef2da30,  free space=1014k
Native frames: (J=compiled Java code, j=interpreted, Vv=VM code, C=native code)

Java frames: (J=compiled Java code, j=interpreted, Vv=VM code)
j  com.sun.glass.ui.win.WinWindow._close(J)Z+0
j  com.sun.glass.ui.Window.close()V+63
j  com.sun.glass.ui.win.WinWindow.close()V+8
j  com.sun.glass.ui.Application.terminate()V+75
j  com.sun.javafx.tk.quantum.QuantumToolkit.lambda$exit$406()Ljava/lang/Object;+5
j  com.sun.javafx.tk.quantum.QuantumToolkit$$Lambda$285.get()Ljava/lang/Object;+0
J 2526 C1 com.sun.javafx.tk.quantum.QuantumToolkit.runWithRenderLock(Ljava/util/function/Supplier;)Ljava/lang/Object; (30 bytes) @ 0x000000000307c924 [0x000000000307c6c0+0x264]
j  com.sun.javafx.tk.quantum.QuantumToolkit.exit()V+26
j  com.sun.javafx.application.PlatformImpl.lambda$tkExit$178()V+3
j  com.sun.javafx.application.PlatformImpl$$Lambda$284.run()V+0
j  com.sun.javafx.application.PlatformImpl.lambda$runAndWait$175(Ljava/lang/Runnable;Ljava/util/concurrent/CountDownLatch;)V+1
j  com.sun.javafx.application.PlatformImpl$$Lambda$48.run()V+8
j  com.sun.javafx.application.PlatformImpl.lambda$null$173(Ljava/lang/Runnable;)Ljava/lang/Void;+1
j  com.sun.javafx.application.PlatformImpl$$Lambda$50.run()Ljava/lang/Object;+4
v  ~StubRoutines::call_stub
J 1974  java.security.AccessController.doPrivileged(Ljava/security/PrivilegedAction;Ljava/security/AccessControlContext;)Ljava/lang/Object; (0 bytes) @ 0x0000000002ee08e6 [0x0000000002ee0880+0x66]
j  com.sun.javafx.application.PlatformImpl.lambda$runLater$174(Ljava/lang/Runnable;Ljava/security/AccessControlContext;)V+7
j  com.sun.javafx.application.PlatformImpl$$Lambda$49.run()V+8
j  com.sun.glass.ui.InvokeLaterDispatcher$Future.run()V+4
v  ~StubRoutines::call_stub
j  com.sun.glass.ui.win.WinApplication._runLoop(Ljava/lang/Runnable;)V+0
j  com.sun.glass.ui.win.WinApplication.lambda$null$148(ILjava/lang/Runnable;)V+8
j  com.sun.glass.ui.win.WinApplication$$Lambda$38.run()V+12
j  java.lang.Thread.run()V+11
v  ~StubRoutines::call_stub

---------------  P R O C E S S  ---------------

Java Threads: ( => current thread )
  0x000000001e20b000 JavaThread "Prism Font Disposer" daemon [_thread_blocked, id=6632, stack(0x0000000021f90000,0x0000000022090000)]
  0x000000001e0a0800 JavaThread "Thread-3" daemon [_thread_in_native, id=5552, stack(0x0000000020900000,0x0000000020a00000)]
  0x000000001e07f000 JavaThread "JavaFX-Launcher" [_thread_blocked, id=5976, stack(0x0000000020da0000,0x0000000020ea0000)]
=>0x000000001e025000 JavaThread "JavaFX Application Thread" [_thread_in_native, id=6448, stack(0x000000001ee30000,0x000000001ef30000)]
  0x000000001e016800 JavaThread "Thread-1" daemon [_thread_blocked, id=3024, stack(0x000000001eb90000,0x000000001ec90000)]
  0x000000001e01b000 JavaThread "QuantumRenderer-0" daemon [_thread_blocked, id=5472, stack(0x000000001e910000,0x000000001ea10000)]
  0x000000001d348800 JavaThread "Service Thread" daemon [_thread_blocked, id=5984, stack(0x000000001d970000,0x000000001da70000)]
  0x000000001bff6000 JavaThread "C1 CompilerThread2" daemon [_thread_blocked, id=3392, stack(0x000000001dc40000,0x000000001dd40000)]
  0x000000001d2da800 JavaThread "C2 CompilerThread1" daemon [_thread_blocked, id=2252, stack(0x0000000012b90000,0x0000000012c90000)]
  0x000000001d2d3800 JavaThread "C2 CompilerThread0" daemon [_thread_blocked, id=5420, stack(0x000000001dae0000,0x000000001dbe0000)]
  0x000000001bff5000 JavaThread "Attach Listener" daemon [_thread_blocked, id=1384, stack(0x000000001d850000,0x000000001d950000)]
  0x000000001bff4000 JavaThread "Signal Dispatcher" daemon [_thread_blocked, id=3532, stack(0x000000001d6d0000,0x000000001d7d0000)]
  0x000000001bfdc800 JavaThread "Finalizer" daemon [_thread_blocked, id=6720, stack(0x000000001d1d0000,0x000000001d2d0000)]
  0x000000001bf95800 JavaThread "Reference Handler" daemon [_thread_blocked, id=4584, stack(0x000000001cfe0000,0x000000001d0e0000)]
  0x000000000220e000 JavaThread "main" [_thread_blocked, id=5748, stack(0x0000000002500000,0x0000000002600000)]

Other Threads:
  0x000000001bf8e800 VMThread [stack: 0x000000001cee0000,0x000000001cfe0000] [id=5604]
  0x000000001d375800 WatcherThread [stack: 0x000000001df00000,0x000000001e000000] [id=6220]

VM state:not at safepoint (normal execution)

VM Mutex/Monitor currently owned by a thread: None

Heap:
 PSYoungGen      total 75264K, used 53100K [0x000000076c400000, 0x0000000771800000, 0x00000007c0000000)
  eden space 64512K, 82% used [0x000000076c400000,0x000000076f7db0a0,0x0000000770300000)
  from space 10752K, 0% used [0x0000000770d80000,0x0000000770d80000,0x0000000771800000)
  to   space 10752K, 0% used [0x0000000770300000,0x0000000770300000,0x0000000770d80000)
 ParOldGen       total 172032K, used 0K [0x00000006c4c00000, 0x00000006cf400000, 0x000000076c400000)
  object space 172032K, 0% used [0x00000006c4c00000,0x00000006c4c00000,0x00000006cf400000)
 Metaspace       used 16524K, capacity 17558K, committed 17792K, reserved 1064960K
  class space    used 2385K, capacity 2614K, committed 2688K, reserved 1048576K

Card table byte_map: [0x0000000011c90000,0x0000000012470000] byte_map_base: 0x000000000e66a000

Marking Bits: (ParMarkBitMap*) 0x000000005584a6d0
 Begin Bits: [0x0000000013080000, 0x0000000016f50000)
 End Bits:   [0x0000000016f50000, 0x000000001ae20000)

Polling page: 0x0000000000230000

CodeCache: size=245760Kb used=8793Kb max_used=8793Kb free=236966Kb
 bounds [0x00000000028d0000, 0x0000000003170000, 0x00000000118d0000]
 total_blobs=3462 nmethods=2802 adapters=571
 compilation: enabled

Compilation events (10 events):
Event: 9.697 Thread 0x000000001bff6000 2799   !   3       com.sun.javafx.application.PlatformImpl::isSupported (45 bytes)
Event: 9.698 Thread 0x000000001bff6000 nmethod 2799 0x0000000003168190 code [0x0000000003168340, 0x0000000003168898]
Event: 9.698 Thread 0x000000001bff6000 2798       3       javafx.beans.property.ReadOnlyBooleanWrapper::fireValueChangedEvent (19 bytes)
Event: 9.698 Thread 0x000000001bff6000 nmethod 2798 0x0000000003168b50 code [0x0000000003168d00, 0x0000000003169298]
Event: 9.833 Thread 0x000000001bff6000 2800       3       javafx.scene.input.PickResult::<init> (53 bytes)
Event: 9.834 Thread 0x000000001bff6000 nmethod 2800 0x00000000031694d0 code [0x00000000031696c0, 0x0000000003169f58]
Event: 10.181 Thread 0x000000001bff6000 2801       3       java.lang.Byte::hashCode (8 bytes)
Event: 10.182 Thread 0x000000001bff6000 nmethod 2801 0x000000000316a210 code [0x000000000316a360, 0x000000000316a510]
Event: 10.182 Thread 0x000000001bff6000 2802       3       java.lang.Byte::hashCode (2 bytes)
Event: 10.182 Thread 0x000000001bff6000 nmethod 2802 0x000000000316a5d0 code [0x000000000316a720, 0x000000000316a850]

GC Heap History (0 events):
No events

Deoptimization events (10 events):
Event: 3.364 Thread 0x000000001e025000 Uncommon trap: reason=unstable_if action=reinterpret pc=0x0000000002e2ae14 method=com.sun.javafx.css.StyleManager$CacheContainer.getStyleMap(I)Lcom/sun/javafx/css/StyleMap; @ 22
Event: 3.364 Thread 0x000000001e025000 Uncommon trap: reason=unstable_if action=reinterpret pc=0x0000000002d893d8 method=com.sun.javafx.css.StyleManager$CacheContainer.getStyleMap(I)Lcom/sun/javafx/css/StyleMap; @ 22
Event: 3.387 Thread 0x000000001e025000 Uncommon trap: reason=class_check action=maybe_recompile pc=0x0000000002ecf8f0 method=javafx.scene.Node.updateLocalToParentTransform()V @ 11
Event: 3.387 Thread 0x000000001e025000 Uncommon trap: reason=class_check action=maybe_recompile pc=0x0000000002ecf8f0 method=javafx.scene.Node.updateLocalToParentTransform()V @ 11
Event: 3.387 Thread 0x000000001e025000 Uncommon trap: reason=class_check action=maybe_recompile pc=0x0000000002ecf8f0 method=javafx.scene.Node.updateLocalToParentTransform()V @ 11
Event: 3.387 Thread 0x000000001e025000 Uncommon trap: reason=class_check action=maybe_recompile pc=0x0000000002ecf8f0 method=javafx.scene.Node.updateLocalToParentTransform()V @ 11
Event: 3.409 Thread 0x000000001e025000 Uncommon trap: reason=class_check action=maybe_recompile pc=0x0000000002d37aa8 method=com.sun.javafx.css.parser.CSSLexer.readChar()I @ 4
Event: 3.409 Thread 0x000000001e025000 Uncommon trap: reason=class_check action=maybe_recompile pc=0x0000000002d37aa8 method=com.sun.javafx.css.parser.CSSLexer.readChar()I @ 4
Event: 3.409 Thread 0x000000001e025000 Uncommon trap: reason=class_check action=maybe_recompile pc=0x0000000002d37aa8 method=com.sun.javafx.css.parser.CSSLexer.readChar()I @ 4
Event: 3.409 Thread 0x000000001e025000 Uncommon trap: reason=class_check action=maybe_recompile pc=0x0000000002d37aa8 method=com.sun.javafx.css.parser.CSSLexer.readChar()I @ 4

Internal exceptions (10 events):
Event: 5.201 Thread 0x000000001e025000 Exception <a 'java/io/FileNotFoundException'> (0x000000076f4ab348) thrown at [C:\re\workspace\8-2-build-windows-amd64-cygwin\jdk8u101\7261\hotspot\src\share\vm\prims\jni.cpp, line 709]
Event: 5.204 Thread 0x000000001e025000 Exception <a 'java/lang/NullPointerException'> (0x000000076f4c18a0) thrown at [C:\re\workspace\8-2-build-windows-amd64-cygwin\jdk8u101\7261\hotspot\src\share\vm\interpreter\linkResolver.cpp, line 1178]
Event: 5.204 Thread 0x000000001e025000 Exception <a 'java/lang/NullPointerException'> (0x000000076f4c18a0) thrown at [C:\re\workspace\8-2-build-windows-amd64-cygwin\jdk8u101\7261\hotspot\src\share\vm\prims\jvm.cpp, line 1390]
Event: 5.207 Thread 0x000000001e025000 Exception <a 'java/lang/NullPointerException'> (0x000000076f4da860) thrown at [C:\re\workspace\8-2-build-windows-amd64-cygwin\jdk8u101\7261\hotspot\src\share\vm\prims\jvm.cpp, line 1390]
Event: 5.225 Thread 0x000000001e025000 Exception <a 'java/lang/NullPointerException'> (0x000000076f553d58) thrown at [C:\re\workspace\8-2-build-windows-amd64-cygwin\jdk8u101\7261\hotspot\src\share\vm\interpreter\linkResolver.cpp, line 1178]
Event: 5.225 Thread 0x000000001e025000 Exception <a 'java/lang/NullPointerException'> (0x000000076f553d58) thrown at [C:\re\workspace\8-2-build-windows-amd64-cygwin\jdk8u101\7261\hotspot\src\share\vm\prims\jvm.cpp, line 1390]
Event: 5.720 Thread 0x000000001e025000 Exception <a 'java/lang/NullPointerException'> (0x000000076f56bec8) thrown at [C:\re\workspace\8-2-build-windows-amd64-cygwin\jdk8u101\7261\hotspot\src\share\vm\prims\jvm.cpp, line 1390]
Event: 6.627 Thread 0x000000001e025000 Exception <a 'java/lang/NullPointerException'> (0x000000076f5ac4b8) thrown at [C:\re\workspace\8-2-build-windows-amd64-cygwin\jdk8u101\7261\hotspot\src\share\vm\interpreter\linkResolver.cpp, line 1178]
Event: 6.627 Thread 0x000000001e025000 Exception <a 'java/lang/NullPointerException'> (0x000000076f5ac4b8) thrown at [C:\re\workspace\8-2-build-windows-amd64-cygwin\jdk8u101\7261\hotspot\src\share\vm\prims\jvm.cpp, line 1390]
Event: 7.554 Thread 0x000000001e025000 Exception <a 'java/lang/NullPointerException'> (0x000000076f5e9718) thrown at [C:\re\workspace\8-2-build-windows-amd64-cygwin\jdk8u101\7261\hotspot\src\share\vm\prims\jvm.cpp, line 1390]

Events (10 events):
Event: 7.551 loading class com/sun/prism/GraphicsResource
Event: 7.551 loading class com/sun/prism/GraphicsResource done
Event: 7.556 loading class javafx/stage/Stage
Event: 7.556 loading class javafx/stage/Stage done
Event: 10.183 loading class javafx/application/Application
Event: 10.183 loading class javafx/application/Application done
Event: 10.183 loading class javafx/application/Application
Event: 10.183 loading class javafx/application/Application done
Event: 10.185 loading class java/util/LinkedList$ListItr
Event: 10.185 loading class java/util/LinkedList$ListItr done


Dynamic libraries:
0x000000013f4b0000 - 0x000000013f4e7000 	C:\sun\jdk8\bin\java.exe
0x0000000077450000 - 0x00000000775fa000 	C:\Windows\SYSTEM32\ntdll.dll
0x0000000077230000 - 0x000000007734f000 	C:\Windows\system32\kernel32.dll
0x000007fefd480000 - 0x000007fefd4ea000 	C:\Windows\system32\KERNELBASE.dll
0x000007feff4f0000 - 0x000007feff5cb000 	C:\Windows\system32\ADVAPI32.dll
0x000007fefdb50000 - 0x000007fefdbef000 	C:\Windows\system32\msvcrt.dll
0x000007fefd540000 - 0x000007fefd55f000 	C:\Windows\SYSTEM32\sechost.dll
0x000007fefd8c0000 - 0x000007fefd9ed000 	C:\Windows\system32\RPCRT4.dll
0x0000000077350000 - 0x000000007744a000 	C:\Windows\system32\USER32.dll
0x000007fefee50000 - 0x000007fefeeb7000 	C:\Windows\system32\GDI32.dll
0x000007fefef60000 - 0x000007fefef6e000 	C:\Windows\system32\LPK.dll
0x000007fefd5c0000 - 0x000007fefd68a000 	C:\Windows\system32\USP10.dll
0x000007fefbb30000 - 0x000007fefbd24000 	C:\Windows\WinSxS\amd64_microsoft.windows.common-controls_6595b64144ccf1df_6.0.7601.18837_none_fa3b1e3d17594757\COMCTL32.dll
0x000007feff5d0000 - 0x000007feff641000 	C:\Windows\system32\SHLWAPI.dll
0x000007fefd890000 - 0x000007fefd8be000 	C:\Windows\system32\IMM32.DLL
0x000007feff650000 - 0x000007feff759000 	C:\Windows\system32\MSCTF.dll
0x0000000056090000 - 0x0000000056162000 	C:\sun\jdk8\jre\bin\msvcr100.dll
0x0000000055030000 - 0x00000000558ca000 	C:\sun\jdk8\jre\bin\server\jvm.dll
0x000007fef81e0000 - 0x000007fef81e9000 	C:\Windows\system32\WSOCK32.dll
0x000007fefee00000 - 0x000007fefee4d000 	C:\Windows\system32\WS2_32.dll
0x000007fefe060000 - 0x000007fefe068000 	C:\Windows\system32\NSI.dll
0x000007fef9b40000 - 0x000007fef9b7b000 	C:\Windows\system32\WINMM.dll
0x000007fefc220000 - 0x000007fefc22c000 	C:\Windows\system32\VERSION.dll
0x0000000077620000 - 0x0000000077627000 	C:\Windows\system32\PSAPI.DLL
0x0000000059b00000 - 0x0000000059b0f000 	C:\sun\jdk8\jre\bin\verify.dll
0x00000000563c0000 - 0x00000000563e9000 	C:\sun\jdk8\jre\bin\java.dll
0x00000000563a0000 - 0x00000000563b6000 	C:\sun\jdk8\jre\bin\zip.dll
0x000007fefe070000 - 0x000007fefedfa000 	C:\Windows\system32\SHELL32.dll
0x000007feff240000 - 0x000007feff443000 	C:\Windows\system32\ole32.dll
0x000007fefd190000 - 0x000007fefd19f000 	C:\Windows\system32\profapi.dll
0x000007fef1180000 - 0x000007fef126f000 	C:\sun\jdk8\jre\bin\msvcr120.dll
0x000007fef12a0000 - 0x000007fef1346000 	C:\sun\jdk8\jre\bin\msvcp120.dll
0x0000000055c30000 - 0x0000000055c52000 	C:\sun\jdk8\jre\bin\prism_d3d.dll
0x000007fef0240000 - 0x000007fef043f000 	C:\Windows\system32\d3d9.dll
0x000007fefba30000 - 0x000007fefba37000 	C:\Windows\system32\d3d8thk.dll
0x000007fefb430000 - 0x000007fefb448000 	C:\Windows\system32\dwmapi.dll
0x000007fefb860000 - 0x000007fefb8b6000 	C:\Windows\system32\uxtheme.dll
0x000007feed050000 - 0x000007feedc6d000 	C:\Windows\system32\igdumd64.dll
0x000000006d620000 - 0x000000006d663000 	C:\sun\jdk8\jre\bin\glass.dll
0x000007feff450000 - 0x000007feff4e7000 	C:\Windows\system32\COMDLG32.dll
0x000007fefda70000 - 0x000007fefdb4a000 	C:\Windows\system32\OLEAUT32.dll
0x000007fefcfe0000 - 0x000007fefcfef000 	C:\Windows\system32\CRYPTBASE.dll
0x0000000180000000 - 0x0000000180179000 	C:\Program Files (x86)\ABBYY Lingvo x5\LvHook64.dll
0x000007fef2400000 - 0x000007fef2410000 	C:\Program Files (x86)\ABBYY Lingvo x5\Detoured64.dll
0x000007fefd500000 - 0x000007fefd51e000 	C:\Windows\system32\USERENV.dll
0x0000000055c10000 - 0x0000000055c24000 	C:\sun\jdk8\jre\bin\javafx_font.dll
0x000007fef00a0000 - 0x000007fef0237000 	C:\Windows\system32\dwrite.dll
0x000007fefeec0000 - 0x000007fefef59000 	C:\Windows\system32\CLBCatQ.DLL
0x000007fefb280000 - 0x000007fefb3e1000 	C:\Windows\system32\WindowsCodecs.dll
0x000007fefcf80000 - 0x000007fefcfd7000 	C:\Windows\system32\apphelp.dll
0x000007fef7140000 - 0x000007fef7200000 	C:\Program Files (x86)\Google\Drive\googledrivesync64.dll
0x00000000727e0000 - 0x00000000728b3000 	C:\Program Files (x86)\Google\Drive\Microsoft.VC90.CRT\MSVCP90.dll
0x0000000072730000 - 0x00000000727d3000 	C:\Program Files (x86)\Google\Drive\Microsoft.VC90.CRT\MSVCR90.dll
0x0000000072710000 - 0x0000000072726000 	C:\Program Files\Common Files\TortoiseOverlays\TortoiseOverlays.dll
0x0000000012d90000 - 0x0000000012e0b000 	C:\sun\TortoiseHg\ThgShellx64.dll
0x000007fef6dd0000 - 0x000007fef70ee000 	C:\Windows\system32\msi.dll
0x000007fef6d90000 - 0x000007fef6dc5000 	C:\Windows\system32\EhStorShell.dll
0x000007fefd690000 - 0x000007fefd867000 	C:\Windows\system32\SETUPAPI.dll
0x000007fefd390000 - 0x000007fefd3c6000 	C:\Windows\system32\CFGMGR32.dll
0x000007fefd360000 - 0x000007fefd37a000 	C:\Windows\system32\DEVOBJ.dll
0x000007fefb8c0000 - 0x000007fefb9ec000 	C:\Windows\system32\PROPSYS.dll
0x000007fef6720000 - 0x000007fef6d8f000 	C:\PROGRA~1\MIF5BA~1\Office14\GROOVEEX.DLL
0x00000000724c0000 - 0x000000007255d000 	C:\Windows\WinSxS\amd64_microsoft.vc90.crt_1fc8b3b9a1e18e3b_9.0.30729.4940_none_08e4299fa83d7e3c\MSVCR90.dll
0x00000000723e0000 - 0x00000000724b3000 	C:\Windows\WinSxS\amd64_microsoft.vc90.crt_1fc8b3b9a1e18e3b_9.0.30729.4940_none_08e4299fa83d7e3c\MSVCP90.dll
0x00000000723b0000 - 0x00000000723df000 	C:\Windows\WinSxS\amd64_microsoft.vc90.atl_1fc8b3b9a1e18e3b_9.0.30729.4148_none_0a1d2fcba76b3f00\ATL90.DLL
0x000007fef62f0000 - 0x000007fef670a000 	C:\PROGRA~1\COMMON~1\MICROS~1\OFFICE14\Cultures\office.odf
0x000007fef5a80000 - 0x000007fef62e5000 	C:\PROGRA~1\MIF5BA~1\Office14\1033\GrooveIntlResource.dll
0x000007fef4a10000 - 0x000007fef4a18000 	C:\Windows\system32\IconCodecService.dll
0x000007fefaed0000 - 0x000007fefaefd000 	C:\Program Files\Common Files\Microsoft Shared\Ink\rtscom.dll
0x000000006ffc0000 - 0x000000006ffd1000 	C:\sun\jdk8\jre\bin\prism_common.dll
0x000007fef83f0000 - 0x000007fef8515000 	C:\Windows\system32\dbghelp.dll

VM Arguments:
java_command: org.vns.javafx.dock.api.demo.TestDockTabPane2
java_class_path (initial): D:\JavaFX-Tests\FXDocking\target\classes
Launcher Type: SUN_STANDARD

Environment Variables:
JAVA_HOME=C:\sun\jdk8
PATH=C:\ProgramData\Oracle\Java\javapath;C:\Program Files\Common Files\Microsoft Shared\Windows Live;C:\Program Files (x86)\Common Files\Microsoft Shared\Windows Live;C:\Windows\system32;C:\Windows;C:\Windows\System32\Wbem;C:\Windows\System32\WindowsPowerShell\v1.0\;C:\sun\dbs\MySQL\bin;C:\Program Files\Microsoft\Web Platform Installer\;C:\Program Files (x86)\Microsoft ASP.NET\ASP.NET Web Pages\v1.0\;C:\Program Files (x86)\Windows Kits\8.0\Windows Performance Toolkit\;C:\Program Files\Microsoft SQL Server\110\Tools\Binn\;C:\Program Files (x86)\Microsoft SDKs\TypeScript\0.8.0.0\;c:\sun\play;c:\sun\maven\bin;C:\sun\TortoiseHg\;c:\sun\vert.x\bin;c:\sun\gradle\bin;C:\Program Files (x86)\Samsung\Samsung PC Studio 3\;C:\Program Files\Calibre2\;C:\Program Files (x86)\Windows Live\Shared;c:\sun\jdk8\bin;c:\sun\Maven\bin;C:\sun\GnuPG\pub;c:\sun\GnuPG\;C:\sun\nodejs\;C:\Program Files (x86)\Skype\Phone\;C:\sun\Git\cmd;C:\sun\nodejs;c:\sun\git
USERNAME=Valery
OS=Windows_NT
PROCESSOR_IDENTIFIER=Intel64 Family 6 Model 58 Stepping 9, GenuineIntel



---------------  S Y S T E M  ---------------

OS: Windows 7 , 64 bit Build 7601 (6.1.7601.23572)

CPU:total 4 (4 cores per cpu, 1 threads per core) family 6 model 58 stepping 9, cmov, cx8, fxsr, mmx, sse, sse2, sse3, ssse3, sse4.1, sse4.2, popcnt, avx, aes, clmul, erms, tsc, tscinvbit, tscinv

Memory: 4k page, physical 16461608k(11601328k free), swap 32921356k(26587152k free)

vm_info: Java HotSpot(TM) 64-Bit Server VM (25.101-b13) for windows-amd64 JRE (1.8.0_101-b13), built on Jun 22 2016 01:21:29 by "java_re" with MS VC++ 10.0 (VS2010)

time: Sat Jan 21 15:13:26 2017
elapsed time: 10 seconds (0d 0h 0m 10s)

