#
# A fatal error has been detected by the Java Runtime Environment:
#
#  EXCEPTION_ACCESS_VIOLATION (0xc0000005) at pc=0x000000006ce99d9a, pid=5368, tid=0x0000000000001b44
#
# JRE version: Java(TM) SE Runtime Environment (8.0_101-b13) (build 1.8.0_101-b13)
# Java VM: Java HotSpot(TM) 64-Bit Server VM (25.101-b13 mixed mode windows-amd64 compressed oops)
# Problematic frame:
# C  [glass.dll+0x19d9a]
#
# Failed to write core dump. Minidumps are not enabled by default on client versions of Windows
#
# If you would like to submit a bug report, please visit:
#   http://bugreport.java.com/bugreport/crash.jsp
# The crash happened outside the Java Virtual Machine in native code.
# See problematic frame for where to report the bug.
#

---------------  T H R E A D  ---------------

Current thread (0x000000001df6e800):  JavaThread "JavaFX Application Thread" [_thread_in_native, id=6980, stack(0x000000001ed30000,0x000000001ee30000)]

siginfo: ExceptionCode=0xc0000005, reading address 0x0000000000000130

Registers:
RAX=0x0000000000000000, RBX=0x000000001ee2da70, RCX=0x0000000000000000, RDX=0x0000000000000000
RSP=0x000000001ee2d7f0, RBP=0x0000000000000000, RSI=0x0000000000116a90, RDI=0x000000001ee2da70
R8 =0x000000001ee2d758, R9 =0x0000000000000000, R10=0x0000000000000000, R11=0x0000000000000202
R12=0x0000000000000000, R13=0x0000000000000401, R14=0x0000000000000000, R15=0x00000000001b05f8
RIP=0x000000006ce99d9a, EFLAGS=0x0000000000010206

Top of Stack: (sp=0x000000001ee2d7f0)
0x000000001ee2d7f0:   0000000000000000 0000000000180001
0x000000001ee2d800:   000000006ceac05f 000000001df6e800
0x000000001ee2d810:   000000001ee2da70 000000006ce99f1a
0x000000001ee2d820:   000000001ee2da70 0000000000116a90
0x000000001ee2d830:   0000000000000000 0000000000000000
0x000000001ee2d840:   0000000000000401 000000006ce8a1f5
0x000000001ee2d850:   00000007c009ad00 000000001df6e801
0x000000001ee2d860:   00000007c009c05f 0000000000000001
0x000000001ee2d870:   00000000001b05f8 000000006ce817e8
0x000000001ee2d880:   0000000000000401 0000000000116a90
0x000000001ee2d890:   000000001ee2da70 0000000000000401
0x000000001ee2d8a0:   0000000000000000 0000000077369bbd
0x000000001ee2d8b0:   0000000000000401 00000000001b05f8
0x000000001ee2d8c0:   0000000000000001 0000000000000000
0x000000001ee2d8d0:   000000001ee2d9e0 000000001d4cf230
0x000000001ee2d8e0:   0000000700000001 0000000000000000 

Instructions: (pc=0x000000006ce99d9a)
0x000000006ce99d7a:   48 8b 5c 24 30 48 8b 6c 24 38 48 8b 74 24 40 48
0x000000006ce99d8a:   83 c4 20 5f c3 cc 48 89 5c 24 08 57 48 83 ec 20
0x000000006ce99d9a:   48 8b 81 30 01 00 00 48 8b f9 48 85 c0 75 04 48
0x000000006ce99daa:   8b 41 08 48 3b 05 3c 19 02 00 75 31 e8 a5 4d 00 


Register to memory mapping:

RAX=0x0000000000000000 is an unknown value
RBX=0x000000001ee2da70 is pointing into the stack for thread: 0x000000001df6e800
RCX=0x0000000000000000 is an unknown value
RDX=0x0000000000000000 is an unknown value
RSP=0x000000001ee2d7f0 is pointing into the stack for thread: 0x000000001df6e800
RBP=0x0000000000000000 is an unknown value
RSI=0x0000000000116a90 is an unknown value
RDI=0x000000001ee2da70 is pointing into the stack for thread: 0x000000001df6e800
R8 =0x000000001ee2d758 is pointing into the stack for thread: 0x000000001df6e800
R9 =0x0000000000000000 is an unknown value
R10=0x0000000000000000 is an unknown value
R11=0x0000000000000202 is an unknown value
R12=0x0000000000000000 is an unknown value
R13=0x0000000000000401 is an unknown value
R14=0x0000000000000000 is an unknown value
R15=0x00000000001b05f8 is an unknown value


Stack: [0x000000001ed30000,0x000000001ee30000],  sp=0x000000001ee2d7f0,  free space=1013k
Native frames: (J=compiled Java code, j=interpreted, Vv=VM code, C=native code)

Java frames: (J=compiled Java code, j=interpreted, Vv=VM code)
j  com.sun.glass.ui.win.WinWindow._close(J)Z+0
j  com.sun.glass.ui.Window.close()V+63
j  com.sun.glass.ui.win.WinWindow.close()V+8
j  com.sun.glass.ui.Application.terminate()V+75
j  com.sun.javafx.tk.quantum.QuantumToolkit.lambda$exit$406()Ljava/lang/Object;+5
j  com.sun.javafx.tk.quantum.QuantumToolkit$$Lambda$285.get()Ljava/lang/Object;+0
j  com.sun.javafx.tk.quantum.QuantumToolkit.runWithRenderLock(Ljava/util/function/Supplier;)Ljava/lang/Object;+7
j  com.sun.javafx.tk.quantum.QuantumToolkit.exit()V+26
j  com.sun.javafx.application.PlatformImpl.lambda$tkExit$178()V+3
j  com.sun.javafx.application.PlatformImpl$$Lambda$284.run()V+0
j  com.sun.javafx.application.PlatformImpl.lambda$runAndWait$175(Ljava/lang/Runnable;Ljava/util/concurrent/CountDownLatch;)V+1
j  com.sun.javafx.application.PlatformImpl$$Lambda$48.run()V+8
j  com.sun.javafx.application.PlatformImpl.lambda$null$173(Ljava/lang/Runnable;)Ljava/lang/Void;+1
j  com.sun.javafx.application.PlatformImpl$$Lambda$50.run()Ljava/lang/Object;+4
v  ~StubRoutines::call_stub
J 1906  java.security.AccessController.doPrivileged(Ljava/security/PrivilegedAction;Ljava/security/AccessControlContext;)Ljava/lang/Object; (0 bytes) @ 0x0000000002c02ea6 [0x0000000002c02e40+0x66]
j  com.sun.javafx.application.PlatformImpl.lambda$runLater$174(Ljava/lang/Runnable;Ljava/security/AccessControlContext;)V+7
j  com.sun.javafx.application.PlatformImpl$$Lambda$49.run()V+8
j  com.sun.glass.ui.InvokeLaterDispatcher$Future.run()V+4
v  ~StubRoutines::call_stub
j  com.sun.glass.ui.win.WinApplication._runLoop(Ljava/lang/Runnable;)V+0
j  com.sun.glass.ui.win.WinApplication.lambda$null$148(ILjava/lang/Runnable;)V+8
j  com.sun.glass.ui.win.WinApplication$$Lambda$38.run()V+12
j  java.lang.Thread.run()V+11
v  ~StubRoutines::call_stub

---------------  P R O C E S S  ---------------

Java Threads: ( => current thread )
  0x000000001e13e800 JavaThread "Prism Font Disposer" daemon [_thread_blocked, id=5876, stack(0x0000000021e90000,0x0000000021f90000)]
  0x000000001dfcf000 JavaThread "Thread-3" daemon [_thread_in_native, id=2472, stack(0x0000000020990000,0x0000000020a90000)]
  0x000000001dfcd800 JavaThread "JavaFX-Launcher" [_thread_blocked, id=2572, stack(0x0000000020e60000,0x0000000020f60000)]
=>0x000000001df6e800 JavaThread "JavaFX Application Thread" [_thread_in_native, id=6980, stack(0x000000001ed30000,0x000000001ee30000)]
  0x000000001df6b000 JavaThread "Thread-1" daemon [_thread_blocked, id=7140, stack(0x000000001eba0000,0x000000001eca0000)]
  0x000000001df4e800 JavaThread "QuantumRenderer-0" daemon [_thread_blocked, id=5592, stack(0x000000001e7e0000,0x000000001e8e0000)]
  0x000000001d49b800 JavaThread "Service Thread" daemon [_thread_blocked, id=3696, stack(0x000000001dd10000,0x000000001de10000)]
  0x000000001d424000 JavaThread "C1 CompilerThread2" daemon [_thread_blocked, id=2016, stack(0x000000001dab0000,0x000000001dbb0000)]
  0x000000001d423000 JavaThread "C2 CompilerThread1" daemon [_thread_blocked, id=5608, stack(0x000000001d950000,0x000000001da50000)]
  0x000000001bc9f800 JavaThread "C2 CompilerThread0" daemon [_thread_blocked, id=5432, stack(0x000000001d1f0000,0x000000001d2f0000)]
  0x000000001bcaf000 JavaThread "Attach Listener" daemon [_thread_blocked, id=5468, stack(0x000000001d320000,0x000000001d420000)]
  0x000000001bcad800 JavaThread "Signal Dispatcher" daemon [_thread_blocked, id=4312, stack(0x000000001cbe0000,0x000000001cce0000)]
  0x000000001bc89800 JavaThread "Finalizer" daemon [_thread_blocked, id=5764, stack(0x000000001d030000,0x000000001d130000)]
  0x000000001bc42000 JavaThread "Reference Handler" daemon [_thread_blocked, id=3572, stack(0x000000001cea0000,0x000000001cfa0000)]
  0x00000000021ee000 JavaThread "main" [_thread_blocked, id=2140, stack(0x0000000002250000,0x0000000002350000)]

Other Threads:
  0x000000001bc3a800 VMThread [stack: 0x000000001cd00000,0x000000001ce00000] [id=4380]
  0x000000001d4c2800 WatcherThread [stack: 0x000000001de10000,0x000000001df10000] [id=5708]

VM state:not at safepoint (normal execution)

VM Mutex/Monitor currently owned by a thread: None

Heap:
 PSYoungGen      total 75264K, used 13939K [0x000000076c400000, 0x0000000771800000, 0x00000007c0000000)
  eden space 64512K, 10% used [0x000000076c400000,0x000000076ca79bd8,0x0000000770300000)
  from space 10752K, 67% used [0x0000000770300000,0x0000000770a23060,0x0000000770d80000)
  to   space 10752K, 0% used [0x0000000770d80000,0x0000000770d80000,0x0000000771800000)
 ParOldGen       total 172032K, used 16K [0x00000006c4c00000, 0x00000006cf400000, 0x000000076c400000)
  object space 172032K, 0% used [0x00000006c4c00000,0x00000006c4c04000,0x00000006cf400000)
 Metaspace       used 16884K, capacity 17894K, committed 18048K, reserved 1064960K
  class space    used 2389K, capacity 2618K, committed 2688K, reserved 1048576K

Card table byte_map: [0x00000000119e0000,0x00000000121c0000] byte_map_base: 0x000000000e3ba000

Marking Bits: (ParMarkBitMap*) 0x000000005584a6d0
 Begin Bits: [0x0000000012d30000, 0x0000000016c00000)
 End Bits:   [0x0000000016c00000, 0x000000001aad0000)

Polling page: 0x0000000000430000

CodeCache: size=245760Kb used=10866Kb max_used=10866Kb free=234893Kb
 bounds [0x0000000002620000, 0x00000000030d0000, 0x0000000011620000]
 total_blobs=4055 nmethods=3389 adapters=577
 compilation: enabled

Compilation events (10 events):
Event: 160.223 Thread 0x000000001d424000 3385       3       java.lang.Byte::hashCode (2 bytes)
Event: 160.223 Thread 0x000000001d424000 nmethod 3385 0x00000000030bf990 code [0x00000000030bfae0, 0x00000000030bfc10]
Event: 160.223 Thread 0x000000001d424000 3386       3       org.vns.javafx.dock.api.PaneHandler$SideIndicator::transform (67 bytes)
Event: 160.224 Thread 0x000000001d424000 nmethod 3386 0x00000000030bfc90 code [0x00000000030bfe20, 0x00000000030c0628]
Event: 160.225 Thread 0x000000001d424000 3389       3       javafx.stage.PopupWindow::getOwnerNode (11 bytes)
Event: 160.225 Thread 0x000000001d424000 nmethod 3389 0x00000000030c0950 code [0x00000000030c0ae0, 0x00000000030c0f28]
Event: 160.225 Thread 0x000000001d424000 3388       3       javafx.scene.Node::visibleProperty (25 bytes)
Event: 160.226 Thread 0x000000001d424000 nmethod 3388 0x00000000030c1050 code [0x00000000030c11c0, 0x00000000030c1528]
Event: 160.226 Thread 0x000000001d424000 3387       3       org.vns.javafx.dock.api.PaneHandler$SideIndicatorTransformer::initialize (34 bytes)
Event: 160.226 Thread 0x000000001d424000 nmethod 3387 0x00000000030c1690 code [0x00000000030c17e0, 0x00000000030c19d0]

GC Heap History (2 events):
Event: 7.276 GC heap before
{Heap before GC invocations=1 (full 0):
 PSYoungGen      total 75264K, used 64512K [0x000000076c400000, 0x0000000771800000, 0x00000007c0000000)
  eden space 64512K, 100% used [0x000000076c400000,0x0000000770300000,0x0000000770300000)
  from space 10752K, 0% used [0x0000000770d80000,0x0000000770d80000,0x0000000771800000)
  to   space 10752K, 0% used [0x0000000770300000,0x0000000770300000,0x0000000770d80000)
 ParOldGen       total 172032K, used 0K [0x00000006c4c00000, 0x00000006cf400000, 0x000000076c400000)
  object space 172032K, 0% used [0x00000006c4c00000,0x00000006c4c00000,0x00000006cf400000)
 Metaspace       used 16677K, capacity 17638K, committed 17792K, reserved 1064960K
  class space    used 2373K, capacity 2602K, committed 2688K, reserved 1048576K
Event: 7.284 GC heap after
Heap after GC invocations=1 (full 0):
 PSYoungGen      total 75264K, used 7308K [0x000000076c400000, 0x0000000771800000, 0x00000007c0000000)
  eden space 64512K, 0% used [0x000000076c400000,0x000000076c400000,0x0000000770300000)
  from space 10752K, 67% used [0x0000000770300000,0x0000000770a23060,0x0000000770d80000)
  to   space 10752K, 0% used [0x0000000770d80000,0x0000000770d80000,0x0000000771800000)
 ParOldGen       total 172032K, used 16K [0x00000006c4c00000, 0x00000006cf400000, 0x000000076c400000)
  object space 172032K, 0% used [0x00000006c4c00000,0x00000006c4c04000,0x00000006cf400000)
 Metaspace       used 16677K, capacity 17638K, committed 17792K, reserved 1064960K
  class space    used 2373K, capacity 2602K, committed 2688K, reserved 1048576K
}

Deoptimization events (10 events):
Event: 1.526 Thread 0x000000001df6e800 Uncommon trap: reason=unstable_if action=reinterpret pc=0x00000000028bd9b8 method=jdk.internal.org.objectweb.asm.Type.getArgumentsAndReturnSizes(Ljava/lang/String;)I @ 47
Event: 3.162 Thread 0x000000001df6e800 Uncommon trap: reason=unstable_if action=reinterpret pc=0x0000000002b0f3a8 method=com.sun.javafx.css.StyleManager$CacheContainer.getStyleMap(I)Lcom/sun/javafx/css/StyleMap; @ 22
Event: 3.163 Thread 0x000000001df6e800 Uncommon trap: reason=unstable_if action=reinterpret pc=0x0000000002b0b998 method=com.sun.javafx.css.StyleManager$CacheContainer.getStyleMap(I)Lcom/sun/javafx/css/StyleMap; @ 22
Event: 7.288 Thread 0x000000001df6e800 Uncommon trap: reason=unstable_if action=reinterpret pc=0x0000000002ef893c method=java.lang.ref.ReferenceQueue.poll()Ljava/lang/ref/Reference; @ 4
Event: 7.288 Thread 0x000000001df6e800 Uncommon trap: reason=unstable_if action=reinterpret pc=0x0000000002feea54 method=java.lang.ref.ReferenceQueue.poll()Ljava/lang/ref/Reference; @ 4
Event: 7.380 Thread 0x000000001df6e800 Uncommon trap: reason=unstable_if action=reinterpret pc=0x0000000003022830 method=javafx.scene.Parent.scenesChanged(Ljavafx/scene/Scene;Ljavafx/scene/SubScene;Ljavafx/scene/Scene;Ljavafx/scene/SubScene;)V @ 19
Event: 7.386 Thread 0x000000001df6e800 Uncommon trap: reason=unstable_if action=reinterpret pc=0x0000000002a203dc method=java.lang.ref.ReferenceQueue.poll()Ljava/lang/ref/Reference; @ 4
Event: 7.397 Thread 0x000000001df6e800 Uncommon trap: reason=unstable_if action=reinterpret pc=0x0000000002cedd34 method=java.lang.Math.min(DD)D @ 17
Event: 156.882 Thread 0x000000001dfcf000 Uncommon trap: reason=unstable_if action=reinterpret pc=0x0000000003077b88 method=com.sun.javafx.tk.quantum.QuantumToolkit.postPulse()V @ 17
Event: 156.898 Thread 0x000000001dfcf000 Uncommon trap: reason=unstable_if action=reinterpret pc=0x000000000307826c method=com.sun.javafx.tk.quantum.QuantumToolkit.postPulse()V @ 17

Internal exceptions (10 events):
Event: 7.380 Thread 0x000000001df6e800 Implicit null exception at 0x00000000030216bc to 0x0000000003022811
Event: 7.398 Thread 0x000000001df6e800 Exception <a 'java/lang/NullPointerException'> (0x000000076c5c6688) thrown at [C:\re\workspace\8-2-build-windows-amd64-cygwin\jdk8u101\7261\hotspot\src\share\vm\interpreter\linkResolver.cpp, line 1178]
Event: 7.398 Thread 0x000000001df6e800 Exception <a 'java/lang/NullPointerException'> (0x000000076c5c6688) thrown at [C:\re\workspace\8-2-build-windows-amd64-cygwin\jdk8u101\7261\hotspot\src\share\vm\prims\jvm.cpp, line 1390]
Event: 7.636 Thread 0x000000001df6e800 Exception <a 'java/lang/NullPointerException'> (0x000000076c613038) thrown at [C:\re\workspace\8-2-build-windows-amd64-cygwin\jdk8u101\7261\hotspot\src\share\vm\interpreter\linkResolver.cpp, line 1178]
Event: 7.636 Thread 0x000000001df6e800 Exception <a 'java/lang/NullPointerException'> (0x000000076c613038) thrown at [C:\re\workspace\8-2-build-windows-amd64-cygwin\jdk8u101\7261\hotspot\src\share\vm\prims\jvm.cpp, line 1390]
Event: 7.644 Thread 0x000000001df6e800 Exception <a 'java/lang/NullPointerException'> (0x000000076c64c8e0) thrown at [C:\re\workspace\8-2-build-windows-amd64-cygwin\jdk8u101\7261\hotspot\src\share\vm\interpreter\linkResolver.cpp, line 1178]
Event: 7.644 Thread 0x000000001df6e800 Exception <a 'java/lang/NullPointerException'> (0x000000076c64c8e0) thrown at [C:\re\workspace\8-2-build-windows-amd64-cygwin\jdk8u101\7261\hotspot\src\share\vm\prims\jvm.cpp, line 1390]
Event: 12.677 Thread 0x000000001df6e800 Exception <a 'java/lang/NullPointerException'> (0x000000076c673378) thrown at [C:\re\workspace\8-2-build-windows-amd64-cygwin\jdk8u101\7261\hotspot\src\share\vm\prims\jvm.cpp, line 1390]
Event: 160.217 Thread 0x000000001df6e800 Exception <a 'java/lang/NullPointerException'> (0x000000076c83d408) thrown at [C:\re\workspace\8-2-build-windows-amd64-cygwin\jdk8u101\7261\hotspot\src\share\vm\prims\jvm.cpp, line 1390]
Event: 160.221 Thread 0x000000001df6e800 Exception <a 'java/lang/NullPointerException'> (0x000000076c84fa30) thrown at [C:\re\workspace\8-2-build-windows-amd64-cygwin\jdk8u101\7261\hotspot\src\share\vm\prims\jvm.cpp, line 1390]

Events (10 events):
Event: 160.213 loading class com/sun/prism/GraphicsResource
Event: 160.213 loading class com/sun/prism/GraphicsResource done
Event: 160.213 loading class com/sun/prism/GraphicsResource
Event: 160.213 loading class com/sun/prism/GraphicsResource done
Event: 160.224 loading class javafx/application/Application
Event: 160.224 loading class javafx/application/Application done
Event: 160.225 loading class javafx/application/Application
Event: 160.225 loading class javafx/application/Application done
Event: 160.226 loading class java/util/LinkedList$ListItr
Event: 160.227 loading class java/util/LinkedList$ListItr done


Dynamic libraries:
0x000000013f3e0000 - 0x000000013f417000 	C:\sun\jdk8\bin\java.exe
0x0000000077450000 - 0x00000000775fa000 	C:\Windows\SYSTEM32\ntdll.dll
0x0000000077230000 - 0x000000007734f000 	C:\Windows\system32\kernel32.dll
0x000007fefd480000 - 0x000007fefd4ea000 	C:\Windows\system32\KERNELBASE.dll
0x000007feff4f0000 - 0x000007feff5cb000 	C:\Windows\system32\ADVAPI32.dll
0x000007fefdb50000 - 0x000007fefdbef000 	C:\Windows\system32\msvcrt.dll
0x000007fefd540000 - 0x000007fefd55f000 	C:\Windows\SYSTEM32\sechost.dll
0x000007fefd8c0000 - 0x000007fefd9ed000 	C:\Windows\system32\RPCRT4.dll
0x0000000077350000 - 0x000000007744a000 	C:\Windows\system32\USER32.dll
0x000007fefee50000 - 0x000007fefeeb7000 	C:\Windows\system32\GDI32.dll
0x000007fefef60000 - 0x000007fefef6e000 	C:\Windows\system32\LPK.dll
0x000007fefd5c0000 - 0x000007fefd68a000 	C:\Windows\system32\USP10.dll
0x000007fefbb30000 - 0x000007fefbd24000 	C:\Windows\WinSxS\amd64_microsoft.windows.common-controls_6595b64144ccf1df_6.0.7601.18837_none_fa3b1e3d17594757\COMCTL32.dll
0x000007feff5d0000 - 0x000007feff641000 	C:\Windows\system32\SHLWAPI.dll
0x000007fefd890000 - 0x000007fefd8be000 	C:\Windows\system32\IMM32.DLL
0x000007feff650000 - 0x000007feff759000 	C:\Windows\system32\MSCTF.dll
0x0000000056090000 - 0x0000000056162000 	C:\sun\jdk8\jre\bin\msvcr100.dll
0x0000000055030000 - 0x00000000558ca000 	C:\sun\jdk8\jre\bin\server\jvm.dll
0x000007fef81e0000 - 0x000007fef81e9000 	C:\Windows\system32\WSOCK32.dll
0x000007fefee00000 - 0x000007fefee4d000 	C:\Windows\system32\WS2_32.dll
0x000007fefe060000 - 0x000007fefe068000 	C:\Windows\system32\NSI.dll
0x000007fef9b40000 - 0x000007fef9b7b000 	C:\Windows\system32\WINMM.dll
0x000007fefc220000 - 0x000007fefc22c000 	C:\Windows\system32\VERSION.dll
0x0000000077620000 - 0x0000000077627000 	C:\Windows\system32\PSAPI.DLL
0x0000000059b00000 - 0x0000000059b0f000 	C:\sun\jdk8\jre\bin\verify.dll
0x00000000563c0000 - 0x00000000563e9000 	C:\sun\jdk8\jre\bin\java.dll
0x00000000563a0000 - 0x00000000563b6000 	C:\sun\jdk8\jre\bin\zip.dll
0x000007fefe070000 - 0x000007fefedfa000 	C:\Windows\system32\SHELL32.dll
0x000007feff240000 - 0x000007feff443000 	C:\Windows\system32\ole32.dll
0x000007fefd190000 - 0x000007fefd19f000 	C:\Windows\system32\profapi.dll
0x000007fef1090000 - 0x000007fef117f000 	C:\sun\jdk8\jre\bin\msvcr120.dll
0x000007fef11c0000 - 0x000007fef1266000 	C:\sun\jdk8\jre\bin\msvcp120.dll
0x0000000055c30000 - 0x0000000055c52000 	C:\sun\jdk8\jre\bin\prism_d3d.dll
0x000007fef0040000 - 0x000007fef023f000 	C:\Windows\system32\d3d9.dll
0x000007fefafa0000 - 0x000007fefafa7000 	C:\Windows\system32\d3d8thk.dll
0x000007fefb430000 - 0x000007fefb448000 	C:\Windows\system32\dwmapi.dll
0x000007fefb860000 - 0x000007fefb8b6000 	C:\Windows\system32\uxtheme.dll
0x000007feec430000 - 0x000007feed04d000 	C:\Windows\system32\igdumd64.dll
0x000000006ce80000 - 0x000000006cec3000 	C:\sun\jdk8\jre\bin\glass.dll
0x000007feff450000 - 0x000007feff4e7000 	C:\Windows\system32\COMDLG32.dll
0x000007fefda70000 - 0x000007fefdb4a000 	C:\Windows\system32\OLEAUT32.dll
0x000007fefcfe0000 - 0x000007fefcfef000 	C:\Windows\system32\CRYPTBASE.dll
0x0000000180000000 - 0x0000000180179000 	C:\Program Files (x86)\ABBYY Lingvo x5\LvHook64.dll
0x000007fef2400000 - 0x000007fef2410000 	C:\Program Files (x86)\ABBYY Lingvo x5\Detoured64.dll
0x000007fefd500000 - 0x000007fefd51e000 	C:\Windows\system32\USERENV.dll
0x0000000055c10000 - 0x0000000055c24000 	C:\sun\jdk8\jre\bin\javafx_font.dll
0x000007fef02a0000 - 0x000007fef0437000 	C:\Windows\system32\dwrite.dll
0x000007fefeec0000 - 0x000007fefef59000 	C:\Windows\system32\CLBCatQ.DLL
0x000007fefb280000 - 0x000007fefb3e1000 	C:\Windows\system32\WindowsCodecs.dll
0x000007fefcf80000 - 0x000007fefcfd7000 	C:\Windows\system32\apphelp.dll
0x000007fef7140000 - 0x000007fef7200000 	C:\Program Files (x86)\Google\Drive\googledrivesync64.dll
0x00000000727e0000 - 0x00000000728b3000 	C:\Program Files (x86)\Google\Drive\Microsoft.VC90.CRT\MSVCP90.dll
0x0000000072730000 - 0x00000000727d3000 	C:\Program Files (x86)\Google\Drive\Microsoft.VC90.CRT\MSVCR90.dll
0x0000000072710000 - 0x0000000072726000 	C:\Program Files\Common Files\TortoiseOverlays\TortoiseOverlays.dll
0x000000001d130000 - 0x000000001d1ab000 	C:\sun\TortoiseHg\ThgShellx64.dll
0x000007fef6dd0000 - 0x000007fef70ee000 	C:\Windows\system32\msi.dll
0x000007fef6d90000 - 0x000007fef6dc5000 	C:\Windows\system32\EhStorShell.dll
0x000007fefd690000 - 0x000007fefd867000 	C:\Windows\system32\SETUPAPI.dll
0x000007fefd390000 - 0x000007fefd3c6000 	C:\Windows\system32\CFGMGR32.dll
0x000007fefd360000 - 0x000007fefd37a000 	C:\Windows\system32\DEVOBJ.dll
0x000007fefb8c0000 - 0x000007fefb9ec000 	C:\Windows\system32\PROPSYS.dll
0x000007fef6720000 - 0x000007fef6d8f000 	C:\PROGRA~1\MIF5BA~1\Office14\GROOVEEX.DLL
0x00000000724c0000 - 0x000000007255d000 	C:\Windows\WinSxS\amd64_microsoft.vc90.crt_1fc8b3b9a1e18e3b_9.0.30729.4940_none_08e4299fa83d7e3c\MSVCR90.dll
0x00000000723e0000 - 0x00000000724b3000 	C:\Windows\WinSxS\amd64_microsoft.vc90.crt_1fc8b3b9a1e18e3b_9.0.30729.4940_none_08e4299fa83d7e3c\MSVCP90.dll
0x00000000723b0000 - 0x00000000723df000 	C:\Windows\WinSxS\amd64_microsoft.vc90.atl_1fc8b3b9a1e18e3b_9.0.30729.4148_none_0a1d2fcba76b3f00\ATL90.DLL
0x000007fef62f0000 - 0x000007fef670a000 	C:\PROGRA~1\COMMON~1\MICROS~1\OFFICE14\Cultures\office.odf
0x000007fef5a80000 - 0x000007fef62e5000 	C:\PROGRA~1\MIF5BA~1\Office14\1033\GrooveIntlResource.dll
0x000007fef4a10000 - 0x000007fef4a18000 	C:\Windows\system32\IconCodecService.dll
0x000007fefaed0000 - 0x000007fefaefd000 	C:\Program Files\Common Files\Microsoft Shared\Ink\rtscom.dll
0x000000006fb30000 - 0x000000006fb41000 	C:\sun\jdk8\jre\bin\prism_common.dll
0x000007fef83f0000 - 0x000007fef8515000 	C:\Windows\system32\dbghelp.dll

VM Arguments:
java_command: org.vns.javafx.dock.api.demo.TestDockTabPane2
java_class_path (initial): D:\JavaFX-Tests\FXDocking\target\classes
Launcher Type: SUN_STANDARD

Environment Variables:
JAVA_HOME=C:\sun\jdk8
PATH=C:\ProgramData\Oracle\Java\javapath;C:\Program Files\Common Files\Microsoft Shared\Windows Live;C:\Program Files (x86)\Common Files\Microsoft Shared\Windows Live;C:\Windows\system32;C:\Windows;C:\Windows\System32\Wbem;C:\Windows\System32\WindowsPowerShell\v1.0\;C:\sun\dbs\MySQL\bin;C:\Program Files\Microsoft\Web Platform Installer\;C:\Program Files (x86)\Microsoft ASP.NET\ASP.NET Web Pages\v1.0\;C:\Program Files (x86)\Windows Kits\8.0\Windows Performance Toolkit\;C:\Program Files\Microsoft SQL Server\110\Tools\Binn\;C:\Program Files (x86)\Microsoft SDKs\TypeScript\0.8.0.0\;c:\sun\play;c:\sun\maven\bin;C:\sun\TortoiseHg\;c:\sun\vert.x\bin;c:\sun\gradle\bin;C:\Program Files (x86)\Samsung\Samsung PC Studio 3\;C:\Program Files\Calibre2\;C:\Program Files (x86)\Windows Live\Shared;c:\sun\jdk8\bin;c:\sun\Maven\bin;C:\sun\GnuPG\pub;c:\sun\GnuPG\;C:\sun\nodejs\;C:\Program Files (x86)\Skype\Phone\;C:\sun\Git\cmd;C:\sun\nodejs;c:\sun\git
USERNAME=Valery
OS=Windows_NT
PROCESSOR_IDENTIFIER=Intel64 Family 6 Model 58 Stepping 9, GenuineIntel



---------------  S Y S T E M  ---------------

OS: Windows 7 , 64 bit Build 7601 (6.1.7601.23572)

CPU:total 4 (4 cores per cpu, 1 threads per core) family 6 model 58 stepping 9, cmov, cx8, fxsr, mmx, sse, sse2, sse3, ssse3, sse4.1, sse4.2, popcnt, avx, aes, clmul, erms, tsc, tscinvbit, tscinv

Memory: 4k page, physical 16461608k(11790128k free), swap 32921356k(26784488k free)

vm_info: Java HotSpot(TM) 64-Bit Server VM (25.101-b13) for windows-amd64 JRE (1.8.0_101-b13), built on Jun 22 2016 01:21:29 by "java_re" with MS VC++ 10.0 (VS2010)

time: Sat Jan 21 15:59:11 2017
elapsed time: 160 seconds (0d 0h 2m 40s)

